[31-Aug-2015 11:35:02 America/Los_Angeles] PHP Fatal error:  Cannot redeclare canis\appFarm\components\applications\ApplicationInstance::terminate() in /var/www/app/components/applications/ApplicationInstance.php on line 200
[31-Aug-2015 11:35:02 America/Los_Angeles] PHP Fatal error:  Cannot redeclare canis\appFarm\components\applications\ApplicationInstance::terminate() in /var/www/app/components/applications/ApplicationInstance.php on line 200
[31-Aug-2015 11:35:07 America/Los_Angeles] PHP Fatal error:  Cannot redeclare canis\appFarm\components\applications\ApplicationInstance::terminate() in /var/www/app/components/applications/ApplicationInstance.php on line 200
[31-Aug-2015 11:35:13 America/Los_Angeles] PHP Fatal error:  Cannot redeclare canis\appFarm\components\applications\ApplicationInstance::terminate() in /var/www/app/components/applications/ApplicationInstance.php on line 200
[31-Aug-2015 11:35:18 America/Los_Angeles] PHP Fatal error:  Cannot redeclare canis\appFarm\components\applications\ApplicationInstance::terminate() in /var/www/app/components/applications/ApplicationInstance.php on line 200
[31-Aug-2015 11:35:23 America/Los_Angeles] PHP Fatal error:  Cannot redeclare canis\appFarm\components\applications\ApplicationInstance::terminate() in /var/www/app/components/applications/ApplicationInstance.php on line 200
[31-Aug-2015 11:35:28 America/Los_Angeles] PHP Fatal error:  Cannot redeclare canis\appFarm\components\applications\ApplicationInstance::terminate() in /var/www/app/components/applications/ApplicationInstance.php on line 200
[31-Aug-2015 11:35:33 America/Los_Angeles] PHP Fatal error:  Cannot redeclare canis\appFarm\components\applications\ApplicationInstance::terminate() in /var/www/app/components/applications/ApplicationInstance.php on line 200
[31-Aug-2015 11:35:38 America/Los_Angeles] PHP Fatal error:  Cannot redeclare canis\appFarm\components\applications\ApplicationInstance::terminate() in /var/www/app/components/applications/ApplicationInstance.php on line 200
[31-Aug-2015 11:35:43 America/Los_Angeles] PHP Fatal error:  Cannot redeclare canis\appFarm\components\applications\ApplicationInstance::terminate() in /var/www/app/components/applications/ApplicationInstance.php on line 200
[31-Aug-2015 11:35:49 America/Los_Angeles] PHP Fatal error:  Cannot redeclare canis\appFarm\components\applications\ApplicationInstance::terminate() in /var/www/app/components/applications/ApplicationInstance.php on line 200
[31-Aug-2015 11:36:01 America/Los_Angeles] PHP Fatal error:  Cannot redeclare canis\appFarm\components\applications\ApplicationInstance::terminate() in /var/www/app/components/applications/ApplicationInstance.php on line 200
[31-Aug-2015 11:36:12 America/Los_Angeles] PHP Fatal error:  Cannot redeclare canis\appFarm\components\applications\ApplicationInstance::terminate() in /var/www/app/components/applications/ApplicationInstance.php on line 200
[31-Aug-2015 11:36:23 America/Los_Angeles] PHP Fatal error:  Cannot redeclare canis\appFarm\components\applications\ApplicationInstance::terminate() in /var/www/app/components/applications/ApplicationInstance.php on line 200
[31-Aug-2015 11:36:35 America/Los_Angeles] PHP Fatal error:  Cannot redeclare canis\appFarm\components\applications\ApplicationInstance::terminate() in /var/www/app/components/applications/ApplicationInstance.php on line 200
[31-Aug-2015 11:36:47 America/Los_Angeles] PHP Fatal error:  Cannot redeclare canis\appFarm\components\applications\ApplicationInstance::terminate() in /var/www/app/components/applications/ApplicationInstance.php on line 201
[31-Aug-2015 11:36:58 America/Los_Angeles] PHP Fatal error:  Cannot redeclare canis\appFarm\components\applications\ApplicationInstance::terminate() in /var/www/app/components/applications/ApplicationInstance.php on line 201
[31-Aug-2015 11:57:16 America/Los_Angeles] PHP Parse error:  syntax error, unexpected ')' in /var/www/app/components/applications/ServiceInstance.php on line 275
[31-Aug-2015 11:57:17 America/Los_Angeles] PHP Parse error:  syntax error, unexpected ')' in /var/www/app/components/applications/ServiceInstance.php on line 275
[31-Aug-2015 11:57:18 America/Los_Angeles] PHP Parse error:  syntax error, unexpected ')' in /var/www/app/components/applications/ServiceInstance.php on line 275
[31-Aug-2015 11:57:21 America/Los_Angeles] PHP Parse error:  syntax error, unexpected ')' in /var/www/app/components/applications/ServiceInstance.php on line 275
[31-Aug-2015 11:57:26 America/Los_Angeles] PHP Parse error:  syntax error, unexpected ')' in /var/www/app/components/applications/ServiceInstance.php on line 275
[31-Aug-2015 11:57:32 America/Los_Angeles] PHP Parse error:  syntax error, unexpected ')' in /var/www/app/components/applications/ServiceInstance.php on line 275
[31-Aug-2015 11:57:33 America/Los_Angeles] PHP Parse error:  syntax error, unexpected ')' in /var/www/app/components/applications/ServiceInstance.php on line 275
[31-Aug-2015 11:57:37 America/Los_Angeles] PHP Parse error:  syntax error, unexpected ')' in /var/www/app/components/applications/ServiceInstance.php on line 275
[31-Aug-2015 11:57:42 America/Los_Angeles] PHP Parse error:  syntax error, unexpected ')' in /var/www/app/components/applications/ServiceInstance.php on line 275
[31-Aug-2015 11:57:47 America/Los_Angeles] PHP Parse error:  syntax error, unexpected ')' in /var/www/app/components/applications/ServiceInstance.php on line 275
[31-Aug-2015 11:57:52 America/Los_Angeles] PHP Parse error:  syntax error, unexpected ')' in /var/www/app/components/applications/ServiceInstance.php on line 275
[31-Aug-2015 11:57:56 America/Los_Angeles] PHP Parse error:  syntax error, unexpected ')' in /var/www/app/components/applications/ServiceInstance.php on line 275
[31-Aug-2015 11:57:58 America/Los_Angeles] PHP Parse error:  syntax error, unexpected ')' in /var/www/app/components/applications/ServiceInstance.php on line 275
[31-Aug-2015 11:57:58 America/Los_Angeles] PHP Parse error:  syntax error, unexpected ')' in /var/www/app/components/applications/ServiceInstance.php on line 275
[31-Aug-2015 13:03:27 America/Los_Angeles] PHP Parse error:  syntax error, unexpected '}' in /var/www/app/components/applications/Application.php on line 73
[31-Aug-2015 13:03:33 America/Los_Angeles] PHP Parse error:  syntax error, unexpected '}' in /var/www/app/components/applications/Application.php on line 73
[31-Aug-2015 13:03:38 America/Los_Angeles] PHP Parse error:  syntax error, unexpected '}' in /var/www/app/components/applications/Application.php on line 73
[31-Aug-2015 13:06:45 America/Los_Angeles] PHP Fatal error:  Class 'canis\appFarm\components\applications\actions\Backup' not found in /var/www/app/components/applications/ApplicationInstance.php on line 421
[31-Aug-2015 13:06:50 America/Los_Angeles] PHP Fatal error:  Class 'canis\appFarm\components\applications\actions\Backup' not found in /var/www/app/components/applications/ApplicationInstance.php on line 421
[31-Aug-2015 13:06:56 America/Los_Angeles] PHP Fatal error:  Class 'canis\appFarm\components\applications\actions\Backup' not found in /var/www/app/components/applications/ApplicationInstance.php on line 421
[31-Aug-2015 13:07:01 America/Los_Angeles] PHP Fatal error:  Class 'canis\appFarm\components\applications\actions\Backup' not found in /var/www/app/components/applications/ApplicationInstance.php on line 421
[31-Aug-2015 13:07:06 America/Los_Angeles] PHP Fatal error:  Class 'canis\appFarm\components\applications\actions\Backup' not found in /var/www/app/components/applications/ApplicationInstance.php on line 421
[31-Aug-2015 13:07:12 America/Los_Angeles] PHP Fatal error:  Class 'canis\appFarm\components\applications\actions\Backup' not found in /var/www/app/components/applications/ApplicationInstance.php on line 421
[31-Aug-2015 13:07:17 America/Los_Angeles] PHP Fatal error:  Class 'canis\appFarm\components\applications\actions\Backup' not found in /var/www/app/components/applications/ApplicationInstance.php on line 421
[31-Aug-2015 13:07:22 America/Los_Angeles] PHP Fatal error:  Class 'canis\appFarm\components\applications\actions\Backup' not found in /var/www/app/components/applications/ApplicationInstance.php on line 421
[31-Aug-2015 13:07:28 America/Los_Angeles] PHP Fatal error:  Class 'canis\appFarm\components\applications\actions\Backup' not found in /var/www/app/components/applications/ApplicationInstance.php on line 421
[31-Aug-2015 13:07:33 America/Los_Angeles] PHP Fatal error:  Class 'canis\appFarm\components\applications\actions\Backup' not found in /var/www/app/components/applications/ApplicationInstance.php on line 421
[31-Aug-2015 13:07:38 America/Los_Angeles] PHP Fatal error:  Class 'canis\appFarm\components\applications\actions\Backup' not found in /var/www/app/components/applications/ApplicationInstance.php on line 421
[31-Aug-2015 13:07:43 America/Los_Angeles] PHP Fatal error:  Class 'canis\appFarm\components\applications\actions\Backup' not found in /var/www/app/components/applications/ApplicationInstance.php on line 421
[31-Aug-2015 13:07:49 America/Los_Angeles] PHP Fatal error:  Class 'canis\appFarm\components\applications\actions\Backup' not found in /var/www/app/components/applications/ApplicationInstance.php on line 421
[31-Aug-2015 13:07:54 America/Los_Angeles] PHP Fatal error:  Class 'canis\appFarm\components\applications\actions\Backup' not found in /var/www/app/components/applications/ApplicationInstance.php on line 421
[31-Aug-2015 13:07:59 America/Los_Angeles] PHP Fatal error:  Class 'canis\appFarm\components\applications\actions\Backup' not found in /var/www/app/components/applications/ApplicationInstance.php on line 421
[31-Aug-2015 13:08:13 America/Los_Angeles] PHP Fatal error:  Class 'canis\appFarm\components\applications\actions\Backup' not found in /var/www/app/components/applications/ApplicationInstance.php on line 421
[31-Aug-2015 13:16:29 America/Los_Angeles] PHP Fatal error:  Class 'canis\appFarm\components\wordpress\RestoreTask' not found in /var/www/app/components/wordpress/Application.php on line 79
[31-Aug-2015 13:16:35 America/Los_Angeles] PHP Fatal error:  Class 'canis\appFarm\components\wordpress\RestoreTask' not found in /var/www/app/components/wordpress/Application.php on line 79
[31-Aug-2015 13:16:40 America/Los_Angeles] PHP Fatal error:  Class 'canis\appFarm\components\wordpress\RestoreTask' not found in /var/www/app/components/wordpress/Application.php on line 79
[31-Aug-2015 13:16:46 America/Los_Angeles] PHP Fatal error:  Class 'canis\appFarm\components\wordpress\RestoreTask' not found in /var/www/app/components/wordpress/Application.php on line 79
[31-Aug-2015 13:42:30 America/Los_Angeles] PHP Fatal error:  Class canis\appFarm\components\wordpress\Application contains 1 abstract method and must therefore be declared abstract or implement the remaining methods (canis\appFarm\components\applications\Application::actions) in /var/www/app/components/wordpress/Application.php on line 14
[31-Aug-2015 13:42:35 America/Los_Angeles] PHP Fatal error:  Class canis\appFarm\components\wordpress\Application contains 1 abstract method and must therefore be declared abstract or implement the remaining methods (canis\appFarm\components\applications\Application::actions) in /var/www/app/components/wordpress/Application.php on line 14
[31-Aug-2015 13:42:40 America/Los_Angeles] PHP Fatal error:  Class canis\appFarm\components\wordpress\Application contains 1 abstract method and must therefore be declared abstract or implement the remaining methods (canis\appFarm\components\applications\Application::actions) in /var/www/app/components/wordpress/Application.php on line 14
[31-Aug-2015 13:42:45 America/Los_Angeles] PHP Fatal error:  Class canis\appFarm\components\wordpress\Application contains 1 abstract method and must therefore be declared abstract or implement the remaining methods (canis\appFarm\components\applications\Application::actions) in /var/www/app/components/wordpress/Application.php on line 14
[31-Aug-2015 13:42:50 America/Los_Angeles] PHP Fatal error:  Class canis\appFarm\components\wordpress\Application contains 1 abstract method and must therefore be declared abstract or implement the remaining methods (canis\appFarm\components\applications\Application::actions) in /var/www/app/components/wordpress/Application.php on line 14
[31-Aug-2015 13:42:55 America/Los_Angeles] PHP Fatal error:  Class canis\appFarm\components\wordpress\Application contains 1 abstract method and must therefore be declared abstract or implement the remaining methods (canis\appFarm\components\applications\Application::actions) in /var/www/app/components/wordpress/Application.php on line 14
[31-Aug-2015 13:42:58 America/Los_Angeles] PHP Fatal error:  Class canis\appFarm\components\wordpress\Application contains 1 abstract method and must therefore be declared abstract or implement the remaining methods (canis\appFarm\components\applications\Application::actions) in /var/www/app/components/wordpress/Application.php on line 14
[31-Aug-2015 13:43:00 America/Los_Angeles] PHP Fatal error:  Class canis\appFarm\components\wordpress\Application contains 1 abstract method and must therefore be declared abstract or implement the remaining methods (canis\appFarm\components\applications\Application::actions) in /var/www/app/components/wordpress/Application.php on line 14
[31-Aug-2015 13:43:05 America/Los_Angeles] PHP Fatal error:  Class canis\appFarm\components\wordpress\Application contains 1 abstract method and must therefore be declared abstract or implement the remaining methods (canis\appFarm\components\applications\Application::actions) in /var/www/app/components/wordpress/Application.php on line 14
[31-Aug-2015 13:43:10 America/Los_Angeles] PHP Fatal error:  Class canis\appFarm\components\wordpress\Application contains 1 abstract method and must therefore be declared abstract or implement the remaining methods (canis\appFarm\components\applications\Application::actions) in /var/www/app/components/wordpress/Application.php on line 14
[31-Aug-2015 13:43:15 America/Los_Angeles] PHP Fatal error:  Class canis\appFarm\components\wordpress\Application contains 1 abstract method and must therefore be declared abstract or implement the remaining methods (canis\appFarm\components\applications\Application::actions) in /var/www/app/components/wordpress/Application.php on line 14
[31-Aug-2015 13:43:20 America/Los_Angeles] PHP Fatal error:  Class canis\appFarm\components\wordpress\Application contains 1 abstract method and must therefore be declared abstract or implement the remaining methods (canis\appFarm\components\applications\Application::actions) in /var/www/app/components/wordpress/Application.php on line 14
[31-Aug-2015 13:43:25 America/Los_Angeles] PHP Fatal error:  Class canis\appFarm\components\wordpress\Application contains 1 abstract method and must therefore be declared abstract or implement the remaining methods (canis\appFarm\components\applications\Application::actions) in /var/www/app/components/wordpress/Application.php on line 14
[31-Aug-2015 15:01:56 America/Los_Angeles] PHP Fatal error:  Cannot re-assign $this in /var/www/app/components/applications/BackupTask.php on line 17
[31-Aug-2015 15:02:02 America/Los_Angeles] PHP Fatal error:  Cannot re-assign $this in /var/www/app/components/applications/BackupTask.php on line 17
[31-Aug-2015 15:02:32 America/Los_Angeles] PHP Fatal error:  Class canis\appFarm\components\wordpress\BackupTask contains 1 abstract method and must therefore be declared abstract or implement the remaining methods (canis\appFarm\components\applications\BackupTask::run) in /var/www/app/components/wordpress/BackupTask.php on line 14
[31-Aug-2015 15:02:38 America/Los_Angeles] PHP Fatal error:  Class canis\appFarm\components\wordpress\BackupTask contains 1 abstract method and must therefore be declared abstract or implement the remaining methods (canis\appFarm\components\applications\BackupTask::run) in /var/www/app/components/wordpress/BackupTask.php on line 14
[31-Aug-2015 15:02:43 America/Los_Angeles] PHP Fatal error:  Class canis\appFarm\components\wordpress\BackupTask contains 1 abstract method and must therefore be declared abstract or implement the remaining methods (canis\appFarm\components\applications\BackupTask::run) in /var/www/app/components/wordpress/BackupTask.php on line 14
[31-Aug-2015 15:02:49 America/Los_Angeles] PHP Fatal error:  Class canis\appFarm\components\wordpress\BackupTask contains 1 abstract method and must therefore be declared abstract or implement the remaining methods (canis\appFarm\components\applications\BackupTask::run) in /var/www/app/components/wordpress/BackupTask.php on line 14
[31-Aug-2015 15:02:55 America/Los_Angeles] PHP Fatal error:  Class canis\appFarm\components\wordpress\BackupTask contains 1 abstract method and must therefore be declared abstract or implement the remaining methods (canis\appFarm\components\applications\BackupTask::run) in /var/www/app/components/wordpress/BackupTask.php on line 14
[31-Aug-2015 15:03:00 America/Los_Angeles] PHP Fatal error:  Class canis\appFarm\components\wordpress\BackupTask contains 1 abstract method and must therefore be declared abstract or implement the remaining methods (canis\appFarm\components\applications\BackupTask::run) in /var/www/app/components/wordpress/BackupTask.php on line 14
[31-Aug-2015 15:03:06 America/Los_Angeles] PHP Fatal error:  Class canis\appFarm\components\wordpress\BackupTask contains 1 abstract method and must therefore be declared abstract or implement the remaining methods (canis\appFarm\components\applications\BackupTask::run) in /var/www/app/components/wordpress/BackupTask.php on line 14
[31-Aug-2015 15:03:12 America/Los_Angeles] PHP Fatal error:  Class canis\appFarm\components\wordpress\BackupTask contains 1 abstract method and must therefore be declared abstract or implement the remaining methods (canis\appFarm\components\applications\BackupTask::run) in /var/www/app/components/wordpress/BackupTask.php on line 14
[31-Aug-2015 15:03:17 America/Los_Angeles] PHP Fatal error:  Class canis\appFarm\components\wordpress\BackupTask contains 1 abstract method and must therefore be declared abstract or implement the remaining methods (canis\appFarm\components\applications\BackupTask::run) in /var/www/app/components/wordpress/BackupTask.php on line 14
[31-Aug-2015 15:03:23 America/Los_Angeles] PHP Fatal error:  Class 'canis\appFarm\components\applications\BackupTask' not found in /var/www/app/components/wordpress/BackupTask.php on line 14
[31-Aug-2015 15:03:29 America/Los_Angeles] PHP Fatal error:  Class 'canis\appFarm\components\applications\BackupTask' not found in /var/www/app/components/wordpress/BackupTask.php on line 14
[31-Aug-2015 15:03:34 America/Los_Angeles] PHP Fatal error:  Class 'canis\appFarm\components\applications\BackupTask' not found in /var/www/app/components/wordpress/BackupTask.php on line 14
[31-Aug-2015 15:03:40 America/Los_Angeles] PHP Fatal error:  Class 'canis\appFarm\components\applications\BackupTask' not found in /var/www/app/components/wordpress/BackupTask.php on line 14
[31-Aug-2015 15:03:46 America/Los_Angeles] PHP Fatal error:  Class 'canis\appFarm\components\applications\BackupTask' not found in /var/www/app/components/wordpress/BackupTask.php on line 14
[31-Aug-2015 15:03:52 America/Los_Angeles] PHP Fatal error:  Class 'canis\appFarm\components\applications\BackupTask' not found in /var/www/app/components/wordpress/BackupTask.php on line 14
[31-Aug-2015 15:03:57 America/Los_Angeles] PHP Fatal error:  Class 'canis\appFarm\components\applications\BackupTask' not found in /var/www/app/components/wordpress/BackupTask.php on line 14
[31-Aug-2015 15:04:03 America/Los_Angeles] PHP Fatal error:  Class 'canis\appFarm\components\applications\BackupTask' not found in /var/www/app/components/wordpress/BackupTask.php on line 14
[31-Aug-2015 15:04:09 America/Los_Angeles] PHP Fatal error:  Class 'canis\appFarm\components\applications\BackupTask' not found in /var/www/app/components/wordpress/BackupTask.php on line 14
[31-Aug-2015 15:04:15 America/Los_Angeles] PHP Fatal error:  Class 'canis\appFarm\components\wordpress\BackupTask' not found in /var/www/app/components/wordpress/Application.php on line 80
[31-Aug-2015 15:04:20 America/Los_Angeles] PHP Fatal error:  Class 'canis\appFarm\components\wordpress\BackupTask' not found in /var/www/app/components/wordpress/Application.php on line 80
[31-Aug-2015 15:04:26 America/Los_Angeles] PHP Fatal error:  Class 'canis\appFarm\components\wordpress\BackupTask' not found in /var/www/app/components/wordpress/Application.php on line 80
[31-Aug-2015 15:04:32 America/Los_Angeles] PHP Fatal error:  Class 'canis\appFarm\components\wordpress\BackupTask' not found in /var/www/app/components/wordpress/Application.php on line 80
[31-Aug-2015 15:04:37 America/Los_Angeles] PHP Fatal error:  Class 'canis\appFarm\components\wordpress\BackupTask' not found in /var/www/app/components/wordpress/Application.php on line 80
[31-Aug-2015 15:04:43 America/Los_Angeles] PHP Fatal error:  Class 'canis\appFarm\components\wordpress\BackupTask' not found in /var/www/app/components/wordpress/Application.php on line 80
[31-Aug-2015 15:04:49 America/Los_Angeles] PHP Fatal error:  Class 'canis\appFarm\components\wordpress\BackupTask' not found in /var/www/app/components/wordpress/Application.php on line 80
[31-Aug-2015 15:04:54 America/Los_Angeles] PHP Fatal error:  Class 'canis\appFarm\components\wordpress\BackupTask' not found in /var/www/app/components/wordpress/Application.php on line 80
[31-Aug-2015 15:05:00 America/Los_Angeles] PHP Fatal error:  Class 'canis\appFarm\components\wordpress\BackupTask' not found in /var/www/app/components/wordpress/Application.php on line 80
[31-Aug-2015 15:05:06 America/Los_Angeles] PHP Fatal error:  Class 'canis\appFarm\components\wordpress\BackupTask' not found in /var/www/app/components/wordpress/Application.php on line 80
[31-Aug-2015 15:05:11 America/Los_Angeles] PHP Fatal error:  Class 'canis\appFarm\components\wordpress\BackupTask' not found in /var/www/app/components/wordpress/Application.php on line 80
[31-Aug-2015 15:05:17 America/Los_Angeles] PHP Fatal error:  Class 'canis\appFarm\components\wordpress\BackupTask' not found in /var/www/app/components/wordpress/Application.php on line 80
[31-Aug-2015 15:05:23 America/Los_Angeles] PHP Fatal error:  Class 'canis\appFarm\components\wordpress\BackupTask' not found in /var/www/app/components/wordpress/Application.php on line 80
[31-Aug-2015 15:05:28 America/Los_Angeles] PHP Fatal error:  Class 'canis\appFarm\components\wordpress\BackupTask' not found in /var/www/app/components/wordpress/Application.php on line 80
[31-Aug-2015 15:05:34 America/Los_Angeles] PHP Fatal error:  Class 'canis\appFarm\components\wordpress\BackupTask' not found in /var/www/app/components/wordpress/Application.php on line 80
[31-Aug-2015 15:05:40 America/Los_Angeles] PHP Fatal error:  Class 'canis\appFarm\components\wordpress\BackupTask' not found in /var/www/app/components/wordpress/Application.php on line 80
[31-Aug-2015 15:05:45 America/Los_Angeles] PHP Fatal error:  Class 'canis\appFarm\components\wordpress\BackupTask' not found in /var/www/app/components/wordpress/Application.php on line 80
[31-Aug-2015 15:05:51 America/Los_Angeles] PHP Fatal error:  Class 'canis\appFarm\components\wordpress\BackupTask' not found in /var/www/app/components/wordpress/Application.php on line 80
[31-Aug-2015 15:05:57 America/Los_Angeles] PHP Fatal error:  Class 'canis\appFarm\components\wordpress\BackupTask' not found in /var/www/app/components/wordpress/Application.php on line 80
[31-Aug-2015 15:06:02 America/Los_Angeles] PHP Fatal error:  Class 'canis\appFarm\components\wordpress\BackupTask' not found in /var/www/app/components/wordpress/Application.php on line 80
[31-Aug-2015 15:06:08 America/Los_Angeles] PHP Fatal error:  Class 'canis\appFarm\components\wordpress\BackupTask' not found in /var/www/app/components/wordpress/Application.php on line 80
[31-Aug-2015 15:06:14 America/Los_Angeles] PHP Fatal error:  Class 'canis\appFarm\components\wordpress\BackupTask' not found in /var/www/app/components/wordpress/Application.php on line 80
[31-Aug-2015 15:06:20 America/Los_Angeles] PHP Fatal error:  Class 'canis\appFarm\components\wordpress\BackupTask' not found in /var/www/app/components/wordpress/Application.php on line 80
[31-Aug-2015 15:06:25 America/Los_Angeles] PHP Fatal error:  Class 'canis\appFarm\components\wordpress\BackupTask' not found in /var/www/app/components/wordpress/Application.php on line 80
[31-Aug-2015 15:06:31 America/Los_Angeles] PHP Fatal error:  Class 'canis\appFarm\components\wordpress\BackupTask' not found in /var/www/app/components/wordpress/Application.php on line 80
[31-Aug-2015 15:06:37 America/Los_Angeles] PHP Fatal error:  Class 'canis\appFarm\components\wordpress\BackupTask' not found in /var/www/app/components/wordpress/Application.php on line 80
[31-Aug-2015 15:06:42 America/Los_Angeles] PHP Fatal error:  Class 'canis\appFarm\components\wordpress\BackupTask' not found in /var/www/app/components/wordpress/Application.php on line 80
[31-Aug-2015 15:06:48 America/Los_Angeles] PHP Fatal error:  Class 'canis\appFarm\components\wordpress\BackupTask' not found in /var/www/app/components/wordpress/Application.php on line 80
[31-Aug-2015 15:06:54 America/Los_Angeles] PHP Fatal error:  Class 'canis\appFarm\components\wordpress\BackupTask' not found in /var/www/app/components/wordpress/Application.php on line 80
[31-Aug-2015 15:06:59 America/Los_Angeles] PHP Fatal error:  Class 'canis\appFarm\components\wordpress\BackupTask' not found in /var/www/app/components/wordpress/Application.php on line 80
[31-Aug-2015 15:07:05 America/Los_Angeles] PHP Fatal error:  Class 'canis\appFarm\components\wordpress\BackupTask' not found in /var/www/app/components/wordpress/Application.php on line 80
[31-Aug-2015 15:07:11 America/Los_Angeles] PHP Fatal error:  Class 'canis\appFarm\components\wordpress\BackupTask' not found in /var/www/app/components/wordpress/Application.php on line 80
[31-Aug-2015 15:07:16 America/Los_Angeles] PHP Fatal error:  Class 'canis\appFarm\components\wordpress\BackupTask' not found in /var/www/app/components/wordpress/Application.php on line 80
[31-Aug-2015 15:07:22 America/Los_Angeles] PHP Fatal error:  Class 'canis\appFarm\components\wordpress\BackupTask' not found in /var/www/app/components/wordpress/Application.php on line 80
[31-Aug-2015 15:07:28 America/Los_Angeles] PHP Fatal error:  Class 'canis\appFarm\components\wordpress\BackupTask' not found in /var/www/app/components/wordpress/Application.php on line 80
[31-Aug-2015 15:07:34 America/Los_Angeles] PHP Fatal error:  Class 'canis\appFarm\components\wordpress\BackupTask' not found in /var/www/app/components/wordpress/Application.php on line 80
[31-Aug-2015 15:07:40 America/Los_Angeles] PHP Fatal error:  Class 'canis\appFarm\components\wordpress\BackupTask' not found in /var/www/app/components/wordpress/Application.php on line 80
[31-Aug-2015 15:07:46 America/Los_Angeles] PHP Fatal error:  Class 'canis\appFarm\components\wordpress\BackupTask' not found in /var/www/app/components/wordpress/Application.php on line 80
[31-Aug-2015 15:07:51 America/Los_Angeles] PHP Fatal error:  Class 'canis\appFarm\components\wordpress\BackupTask' not found in /var/www/app/components/wordpress/Application.php on line 80
[31-Aug-2015 15:07:57 America/Los_Angeles] PHP Fatal error:  Class 'canis\appFarm\components\wordpress\BackupTask' not found in /var/www/app/components/wordpress/Application.php on line 80
[31-Aug-2015 15:08:03 America/Los_Angeles] PHP Fatal error:  Class 'canis\appFarm\components\wordpress\BackupTask' not found in /var/www/app/components/wordpress/Application.php on line 80
[31-Aug-2015 15:08:08 America/Los_Angeles] PHP Fatal error:  Class 'canis\appFarm\components\wordpress\BackupTask' not found in /var/www/app/components/wordpress/Application.php on line 80
[31-Aug-2015 15:08:14 America/Los_Angeles] PHP Fatal error:  Class 'canis\appFarm\components\wordpress\BackupTask' not found in /var/www/app/components/wordpress/Application.php on line 80
[31-Aug-2015 15:08:20 America/Los_Angeles] PHP Fatal error:  Class 'canis\appFarm\components\wordpress\BackupTask' not found in /var/www/app/components/wordpress/Application.php on line 80
[31-Aug-2015 15:08:25 America/Los_Angeles] PHP Fatal error:  Class 'canis\appFarm\components\wordpress\BackupTask' not found in /var/www/app/components/wordpress/Application.php on line 80
[31-Aug-2015 15:08:31 America/Los_Angeles] PHP Fatal error:  Class 'canis\appFarm\components\wordpress\BackupTask' not found in /var/www/app/components/wordpress/Application.php on line 80
[31-Aug-2015 15:08:37 America/Los_Angeles] PHP Fatal error:  Class 'canis\appFarm\components\wordpress\BackupTask' not found in /var/www/app/components/wordpress/Application.php on line 80
[31-Aug-2015 15:08:42 America/Los_Angeles] PHP Fatal error:  Class 'canis\appFarm\components\wordpress\BackupTask' not found in /var/www/app/components/wordpress/Application.php on line 80
[31-Aug-2015 15:08:48 America/Los_Angeles] PHP Fatal error:  Class 'canis\appFarm\components\wordpress\BackupTask' not found in /var/www/app/components/wordpress/Application.php on line 80
[31-Aug-2015 15:08:53 America/Los_Angeles] PHP Fatal error:  Class 'canis\appFarm\components\wordpress\BackupTask' not found in /var/www/app/components/wordpress/Application.php on line 80
[31-Aug-2015 15:08:59 America/Los_Angeles] PHP Fatal error:  Class 'canis\appFarm\components\wordpress\BackupTask' not found in /var/www/app/components/wordpress/Application.php on line 80
[31-Aug-2015 15:09:05 America/Los_Angeles] PHP Fatal error:  Class 'canis\appFarm\components\wordpress\BackupTask' not found in /var/www/app/components/wordpress/Application.php on line 80
[31-Aug-2015 15:09:10 America/Los_Angeles] PHP Fatal error:  Class 'canis\appFarm\components\wordpress\BackupTask' not found in /var/www/app/components/wordpress/Application.php on line 80
[31-Aug-2015 15:09:16 America/Los_Angeles] PHP Fatal error:  Class 'canis\appFarm\components\wordpress\BackupTask' not found in /var/www/app/components/wordpress/Application.php on line 80
[31-Aug-2015 15:09:22 America/Los_Angeles] PHP Fatal error:  Class 'canis\appFarm\components\wordpress\BackupTask' not found in /var/www/app/components/wordpress/Application.php on line 80
[31-Aug-2015 15:09:27 America/Los_Angeles] PHP Fatal error:  Class 'canis\appFarm\components\wordpress\BackupTask' not found in /var/www/app/components/wordpress/Application.php on line 80
[31-Aug-2015 15:09:33 America/Los_Angeles] PHP Fatal error:  Class 'canis\appFarm\components\wordpress\BackupTask' not found in /var/www/app/components/wordpress/Application.php on line 80
[31-Aug-2015 15:09:39 America/Los_Angeles] PHP Fatal error:  Class 'canis\appFarm\components\wordpress\BackupTask' not found in /var/www/app/components/wordpress/Application.php on line 80
[31-Aug-2015 15:09:44 America/Los_Angeles] PHP Fatal error:  Class 'canis\appFarm\components\wordpress\BackupTask' not found in /var/www/app/components/wordpress/Application.php on line 80
[31-Aug-2015 15:09:50 America/Los_Angeles] PHP Fatal error:  Class 'canis\appFarm\components\wordpress\BackupTask' not found in /var/www/app/components/wordpress/Application.php on line 80
[31-Aug-2015 15:09:56 America/Los_Angeles] PHP Fatal error:  Class 'canis\appFarm\components\wordpress\BackupTask' not found in /var/www/app/components/wordpress/Application.php on line 80
[31-Aug-2015 15:10:01 America/Los_Angeles] PHP Fatal error:  Class 'canis\appFarm\components\wordpress\BackupTask' not found in /var/www/app/components/wordpress/Application.php on line 80
[31-Aug-2015 15:10:07 America/Los_Angeles] PHP Fatal error:  Class 'canis\appFarm\components\wordpress\BackupTask' not found in /var/www/app/components/wordpress/Application.php on line 80
[31-Aug-2015 15:10:12 America/Los_Angeles] PHP Fatal error:  Class 'canis\appFarm\components\wordpress\BackupTask' not found in /var/www/app/components/wordpress/Application.php on line 80
[31-Aug-2015 15:10:18 America/Los_Angeles] PHP Fatal error:  Class 'canis\appFarm\components\wordpress\BackupTask' not found in /var/www/app/components/wordpress/Application.php on line 80
[31-Aug-2015 15:10:24 America/Los_Angeles] PHP Fatal error:  Class 'canis\appFarm\components\wordpress\BackupTask' not found in /var/www/app/components/wordpress/Application.php on line 80
[31-Aug-2015 15:10:29 America/Los_Angeles] PHP Fatal error:  Class 'canis\appFarm\components\wordpress\BackupTask' not found in /var/www/app/components/wordpress/Application.php on line 80
[31-Aug-2015 15:10:35 America/Los_Angeles] PHP Fatal error:  Class 'canis\appFarm\components\wordpress\BackupTask' not found in /var/www/app/components/wordpress/Application.php on line 80
[31-Aug-2015 15:10:41 America/Los_Angeles] PHP Fatal error:  Class 'canis\appFarm\components\wordpress\BackupTask' not found in /var/www/app/components/wordpress/Application.php on line 80
[31-Aug-2015 15:10:46 America/Los_Angeles] PHP Fatal error:  Class 'canis\appFarm\components\wordpress\BackupTask' not found in /var/www/app/components/wordpress/Application.php on line 80
[31-Aug-2015 15:10:52 America/Los_Angeles] PHP Fatal error:  Class 'canis\appFarm\components\wordpress\BackupTask' not found in /var/www/app/components/wordpress/Application.php on line 80
[31-Aug-2015 15:10:58 America/Los_Angeles] PHP Fatal error:  Class 'canis\appFarm\components\wordpress\BackupTask' not found in /var/www/app/components/wordpress/Application.php on line 80
[31-Aug-2015 15:11:04 America/Los_Angeles] PHP Fatal error:  Class 'canis\appFarm\components\wordpress\BackupTask' not found in /var/www/app/components/wordpress/Application.php on line 80
[31-Aug-2015 15:11:09 America/Los_Angeles] PHP Fatal error:  Class 'canis\appFarm\components\wordpress\BackupTask' not found in /var/www/app/components/wordpress/Application.php on line 80
[31-Aug-2015 15:11:15 America/Los_Angeles] PHP Fatal error:  Class 'canis\appFarm\components\wordpress\BackupTask' not found in /var/www/app/components/wordpress/Application.php on line 80
[31-Aug-2015 15:11:23 America/Los_Angeles] PHP Fatal error:  Class 'canis\appFarm\components\wordpress\BackupTask' not found in /var/www/app/components/wordpress/Application.php on line 80
[31-Aug-2015 15:11:28 America/Los_Angeles] PHP Fatal error:  Class 'canis\appFarm\components\wordpress\BackupTask' not found in /var/www/app/components/wordpress/Application.php on line 80
[31-Aug-2015 15:11:34 America/Los_Angeles] PHP Fatal error:  Class 'canis\appFarm\components\wordpress\BackupTask' not found in /var/www/app/components/wordpress/Application.php on line 80
[31-Aug-2015 15:11:40 America/Los_Angeles] PHP Fatal error:  Class 'canis\appFarm\components\wordpress\BackupTask' not found in /var/www/app/components/wordpress/Application.php on line 80
[31-Aug-2015 15:11:46 America/Los_Angeles] PHP Fatal error:  Class 'canis\appFarm\components\wordpress\BackupTask' not found in /var/www/app/components/wordpress/Application.php on line 80
[31-Aug-2015 15:11:51 America/Los_Angeles] PHP Fatal error:  Class 'canis\appFarm\components\wordpress\BackupTask' not found in /var/www/app/components/wordpress/Application.php on line 80
[31-Aug-2015 15:11:57 America/Los_Angeles] PHP Fatal error:  Class 'canis\appFarm\components\wordpress\BackupTask' not found in /var/www/app/components/wordpress/Application.php on line 80
[31-Aug-2015 15:12:03 America/Los_Angeles] PHP Fatal error:  Class 'canis\appFarm\components\wordpress\BackupTask' not found in /var/www/app/components/wordpress/Application.php on line 80
[31-Aug-2015 15:12:08 America/Los_Angeles] PHP Fatal error:  Class 'canis\appFarm\components\wordpress\BackupTask' not found in /var/www/app/components/wordpress/Application.php on line 80
[31-Aug-2015 15:12:14 America/Los_Angeles] PHP Fatal error:  Class 'canis\appFarm\components\wordpress\BackupTask' not found in /var/www/app/components/wordpress/Application.php on line 80
[31-Aug-2015 15:12:20 America/Los_Angeles] PHP Fatal error:  Class 'canis\appFarm\components\wordpress\BackupTask' not found in /var/www/app/components/wordpress/Application.php on line 80
[31-Aug-2015 15:12:25 America/Los_Angeles] PHP Fatal error:  Class 'canis\appFarm\components\wordpress\BackupTask' not found in /var/www/app/components/wordpress/Application.php on line 80
[31-Aug-2015 15:12:31 America/Los_Angeles] PHP Fatal error:  Class 'canis\appFarm\components\wordpress\BackupTask' not found in /var/www/app/components/wordpress/Application.php on line 80
[31-Aug-2015 15:12:37 America/Los_Angeles] PHP Fatal error:  Class 'canis\appFarm\components\wordpress\BackupTask' not found in /var/www/app/components/wordpress/Application.php on line 80
[31-Aug-2015 15:12:42 America/Los_Angeles] PHP Fatal error:  Class 'canis\appFarm\components\wordpress\BackupTask' not found in /var/www/app/components/wordpress/Application.php on line 80
[31-Aug-2015 15:12:48 America/Los_Angeles] PHP Fatal error:  Class 'canis\appFarm\components\wordpress\BackupTask' not found in /var/www/app/components/wordpress/Application.php on line 80
[31-Aug-2015 15:12:54 America/Los_Angeles] PHP Fatal error:  Class 'canis\appFarm\components\wordpress\BackupTask' not found in /var/www/app/components/wordpress/Application.php on line 80
[31-Aug-2015 15:13:00 America/Los_Angeles] PHP Fatal error:  Class 'canis\appFarm\components\wordpress\BackupTask' not found in /var/www/app/components/wordpress/Application.php on line 80
[31-Aug-2015 15:13:05 America/Los_Angeles] PHP Fatal error:  Class 'canis\appFarm\components\wordpress\BackupTask' not found in /var/www/app/components/wordpress/Application.php on line 80
[31-Aug-2015 15:13:12 America/Los_Angeles] PHP Fatal error:  Class 'canis\appFarm\components\wordpress\BackupTask' not found in /var/www/app/components/wordpress/Application.php on line 80
[31-Aug-2015 15:13:17 America/Los_Angeles] PHP Fatal error:  Class 'canis\appFarm\components\wordpress\BackupTask' not found in /var/www/app/components/wordpress/Application.php on line 80
[31-Aug-2015 15:13:23 America/Los_Angeles] PHP Fatal error:  Class 'canis\appFarm\components\wordpress\BackupTask' not found in /var/www/app/components/wordpress/Application.php on line 80
[31-Aug-2015 15:13:29 America/Los_Angeles] PHP Fatal error:  Class 'canis\appFarm\components\wordpress\BackupTask' not found in /var/www/app/components/wordpress/Application.php on line 80
[31-Aug-2015 15:13:35 America/Los_Angeles] PHP Fatal error:  Class 'canis\appFarm\components\wordpress\BackupTask' not found in /var/www/app/components/wordpress/Application.php on line 80
[31-Aug-2015 15:13:40 America/Los_Angeles] PHP Fatal error:  Class 'canis\appFarm\components\wordpress\BackupTask' not found in /var/www/app/components/wordpress/Application.php on line 80
[31-Aug-2015 15:13:46 America/Los_Angeles] PHP Fatal error:  Class 'canis\appFarm\components\wordpress\BackupTask' not found in /var/www/app/components/wordpress/Application.php on line 80
[31-Aug-2015 15:13:52 America/Los_Angeles] PHP Fatal error:  Class 'canis\appFarm\components\wordpress\BackupTask' not found in /var/www/app/components/wordpress/Application.php on line 80
[31-Aug-2015 15:13:57 America/Los_Angeles] PHP Fatal error:  Class 'canis\appFarm\components\wordpress\BackupTask' not found in /var/www/app/components/wordpress/Application.php on line 80
[31-Aug-2015 15:14:03 America/Los_Angeles] PHP Fatal error:  Class 'canis\appFarm\components\wordpress\BackupTask' not found in /var/www/app/components/wordpress/Application.php on line 80
[31-Aug-2015 15:14:09 America/Los_Angeles] PHP Fatal error:  Class 'canis\appFarm\components\wordpress\BackupTask' not found in /var/www/app/components/wordpress/Application.php on line 80
[31-Aug-2015 15:14:15 America/Los_Angeles] PHP Fatal error:  Class 'canis\appFarm\components\wordpress\BackupTask' not found in /var/www/app/components/wordpress/Application.php on line 80
[31-Aug-2015 15:14:21 America/Los_Angeles] PHP Fatal error:  Class 'canis\appFarm\components\wordpress\BackupTask' not found in /var/www/app/components/wordpress/Application.php on line 80
[31-Aug-2015 15:14:27 America/Los_Angeles] PHP Fatal error:  Class 'canis\appFarm\components\wordpress\BackupTask' not found in /var/www/app/components/wordpress/Application.php on line 80
[31-Aug-2015 15:14:32 America/Los_Angeles] PHP Fatal error:  Class 'canis\appFarm\components\wordpress\BackupTask' not found in /var/www/app/components/wordpress/Application.php on line 80
[31-Aug-2015 15:14:38 America/Los_Angeles] PHP Fatal error:  Class 'canis\appFarm\components\wordpress\BackupTask' not found in /var/www/app/components/wordpress/Application.php on line 80
[31-Aug-2015 15:14:44 America/Los_Angeles] PHP Fatal error:  Class 'canis\appFarm\components\wordpress\BackupTask' not found in /var/www/app/components/wordpress/Application.php on line 80
[31-Aug-2015 15:14:50 America/Los_Angeles] PHP Fatal error:  Class 'canis\appFarm\components\wordpress\BackupTask' not found in /var/www/app/components/wordpress/Application.php on line 80
[31-Aug-2015 15:14:56 America/Los_Angeles] PHP Fatal error:  Class 'canis\appFarm\components\wordpress\BackupTask' not found in /var/www/app/components/wordpress/Application.php on line 80
[31-Aug-2015 15:15:02 America/Los_Angeles] PHP Fatal error:  Class 'canis\appFarm\components\wordpress\BackupTask' not found in /var/www/app/components/wordpress/Application.php on line 80
[31-Aug-2015 15:15:08 America/Los_Angeles] PHP Fatal error:  Class 'canis\appFarm\components\wordpress\BackupTask' not found in /var/www/app/components/wordpress/Application.php on line 80
[31-Aug-2015 15:15:13 America/Los_Angeles] PHP Fatal error:  Class 'canis\appFarm\components\wordpress\BackupTask' not found in /var/www/app/components/wordpress/Application.php on line 80
[31-Aug-2015 15:15:19 America/Los_Angeles] PHP Fatal error:  Class 'canis\appFarm\components\wordpress\BackupTask' not found in /var/www/app/components/wordpress/Application.php on line 80
[31-Aug-2015 15:15:25 America/Los_Angeles] PHP Fatal error:  Class 'canis\appFarm\components\wordpress\BackupTask' not found in /var/www/app/components/wordpress/Application.php on line 80
[31-Aug-2015 15:15:31 America/Los_Angeles] PHP Fatal error:  Class 'canis\appFarm\components\wordpress\BackupTask' not found in /var/www/app/components/wordpress/Application.php on line 80
[31-Aug-2015 15:15:36 America/Los_Angeles] PHP Fatal error:  Class 'canis\appFarm\components\wordpress\BackupTask' not found in /var/www/app/components/wordpress/Application.php on line 80
[31-Aug-2015 15:15:42 America/Los_Angeles] PHP Fatal error:  Class 'canis\appFarm\components\wordpress\BackupTask' not found in /var/www/app/components/wordpress/Application.php on line 80
[31-Aug-2015 15:15:48 America/Los_Angeles] PHP Fatal error:  Class 'canis\appFarm\components\wordpress\BackupTask' not found in /var/www/app/components/wordpress/Application.php on line 80
[31-Aug-2015 15:15:53 America/Los_Angeles] PHP Fatal error:  Class 'canis\appFarm\components\wordpress\BackupTask' not found in /var/www/app/components/wordpress/Application.php on line 80
[31-Aug-2015 15:15:59 America/Los_Angeles] PHP Fatal error:  Class 'canis\appFarm\components\wordpress\BackupTask' not found in /var/www/app/components/wordpress/Application.php on line 80
[31-Aug-2015 15:16:05 America/Los_Angeles] PHP Fatal error:  Class 'canis\appFarm\components\wordpress\BackupTask' not found in /var/www/app/components/wordpress/Application.php on line 80
[31-Aug-2015 15:16:10 America/Los_Angeles] PHP Fatal error:  Class 'canis\appFarm\components\wordpress\BackupTask' not found in /var/www/app/components/wordpress/Application.php on line 80
[31-Aug-2015 15:16:16 America/Los_Angeles] PHP Fatal error:  Class 'canis\appFarm\components\wordpress\BackupTask' not found in /var/www/app/components/wordpress/Application.php on line 80
[31-Aug-2015 15:16:22 America/Los_Angeles] PHP Fatal error:  Class 'canis\appFarm\components\wordpress\BackupTask' not found in /var/www/app/components/wordpress/Application.php on line 80
[31-Aug-2015 15:16:27 America/Los_Angeles] PHP Fatal error:  Class 'canis\appFarm\components\wordpress\BackupTask' not found in /var/www/app/components/wordpress/Application.php on line 80
[31-Aug-2015 15:16:33 America/Los_Angeles] PHP Fatal error:  Class 'canis\appFarm\components\wordpress\BackupTask' not found in /var/www/app/components/wordpress/Application.php on line 80
[31-Aug-2015 15:16:39 America/Los_Angeles] PHP Fatal error:  Class 'canis\appFarm\components\wordpress\BackupTask' not found in /var/www/app/components/wordpress/Application.php on line 80
[31-Aug-2015 15:16:44 America/Los_Angeles] PHP Fatal error:  Class 'canis\appFarm\components\wordpress\BackupTask' not found in /var/www/app/components/wordpress/Application.php on line 80
[31-Aug-2015 15:16:50 America/Los_Angeles] PHP Fatal error:  Class 'canis\appFarm\components\wordpress\BackupTask' not found in /var/www/app/components/wordpress/Application.php on line 80
[31-Aug-2015 15:16:56 America/Los_Angeles] PHP Fatal error:  Class 'canis\appFarm\components\wordpress\BackupTask' not found in /var/www/app/components/wordpress/Application.php on line 80
[31-Aug-2015 15:17:02 America/Los_Angeles] PHP Fatal error:  Class 'canis\appFarm\components\wordpress\BackupTask' not found in /var/www/app/components/wordpress/Application.php on line 80
[31-Aug-2015 15:17:07 America/Los_Angeles] PHP Fatal error:  Class 'canis\appFarm\components\wordpress\BackupTask' not found in /var/www/app/components/wordpress/Application.php on line 80
[31-Aug-2015 15:17:13 America/Los_Angeles] PHP Fatal error:  Class 'canis\appFarm\components\wordpress\BackupTask' not found in /var/www/app/components/wordpress/Application.php on line 80
[31-Aug-2015 15:17:19 America/Los_Angeles] PHP Fatal error:  Class 'canis\appFarm\components\wordpress\BackupTask' not found in /var/www/app/components/wordpress/Application.php on line 80
[31-Aug-2015 15:17:24 America/Los_Angeles] PHP Fatal error:  Class 'canis\appFarm\components\wordpress\BackupTask' not found in /var/www/app/components/wordpress/Application.php on line 80
[31-Aug-2015 15:17:30 America/Los_Angeles] PHP Fatal error:  Class 'canis\appFarm\components\wordpress\BackupTask' not found in /var/www/app/components/wordpress/Application.php on line 80
[31-Aug-2015 15:17:36 America/Los_Angeles] PHP Fatal error:  Class 'canis\appFarm\components\wordpress\BackupTask' not found in /var/www/app/components/wordpress/Application.php on line 80
[31-Aug-2015 15:17:41 America/Los_Angeles] PHP Fatal error:  Class 'canis\appFarm\components\wordpress\BackupTask' not found in /var/www/app/components/wordpress/Application.php on line 80
[31-Aug-2015 15:17:47 America/Los_Angeles] PHP Fatal error:  Class 'canis\appFarm\components\wordpress\BackupTask' not found in /var/www/app/components/wordpress/Application.php on line 80
[31-Aug-2015 15:17:53 America/Los_Angeles] PHP Fatal error:  Class 'canis\appFarm\components\wordpress\BackupTask' not found in /var/www/app/components/wordpress/Application.php on line 80
[31-Aug-2015 15:17:58 America/Los_Angeles] PHP Fatal error:  Class 'canis\appFarm\components\wordpress\BackupTask' not found in /var/www/app/components/wordpress/Application.php on line 80
[31-Aug-2015 15:18:04 America/Los_Angeles] PHP Fatal error:  Class 'canis\appFarm\components\wordpress\BackupTask' not found in /var/www/app/components/wordpress/Application.php on line 80
[31-Aug-2015 15:18:10 America/Los_Angeles] PHP Fatal error:  Class 'canis\appFarm\components\wordpress\BackupTask' not found in /var/www/app/components/wordpress/Application.php on line 80
[31-Aug-2015 15:18:16 America/Los_Angeles] PHP Fatal error:  Class 'canis\appFarm\components\wordpress\BackupTask' not found in /var/www/app/components/wordpress/Application.php on line 80
[31-Aug-2015 15:18:21 America/Los_Angeles] PHP Fatal error:  Class 'canis\appFarm\components\wordpress\BackupTask' not found in /var/www/app/components/wordpress/Application.php on line 80
[31-Aug-2015 15:18:27 America/Los_Angeles] PHP Fatal error:  Class 'canis\appFarm\components\wordpress\BackupTask' not found in /var/www/app/components/wordpress/Application.php on line 80
[31-Aug-2015 15:18:33 America/Los_Angeles] PHP Fatal error:  Class 'canis\appFarm\components\wordpress\BackupTask' not found in /var/www/app/components/wordpress/Application.php on line 80
[31-Aug-2015 15:18:39 America/Los_Angeles] PHP Fatal error:  Class 'canis\appFarm\components\wordpress\BackupTask' not found in /var/www/app/components/wordpress/Application.php on line 80
[31-Aug-2015 15:18:45 America/Los_Angeles] PHP Fatal error:  Class 'canis\appFarm\components\wordpress\BackupTask' not found in /var/www/app/components/wordpress/Application.php on line 80
[31-Aug-2015 15:18:51 America/Los_Angeles] PHP Fatal error:  Class 'canis\appFarm\components\wordpress\BackupTask' not found in /var/www/app/components/wordpress/Application.php on line 80
[31-Aug-2015 15:18:56 America/Los_Angeles] PHP Fatal error:  Class 'canis\appFarm\components\wordpress\BackupTask' not found in /var/www/app/components/wordpress/Application.php on line 80
[31-Aug-2015 15:19:02 America/Los_Angeles] PHP Fatal error:  Class 'canis\appFarm\components\wordpress\BackupTask' not found in /var/www/app/components/wordpress/Application.php on line 80
[31-Aug-2015 15:19:08 America/Los_Angeles] PHP Fatal error:  Class 'canis\appFarm\components\wordpress\BackupTask' not found in /var/www/app/components/wordpress/Application.php on line 80
[31-Aug-2015 15:19:13 America/Los_Angeles] PHP Fatal error:  Class 'canis\appFarm\components\wordpress\BackupTask' not found in /var/www/app/components/wordpress/Application.php on line 80
[31-Aug-2015 15:19:19 America/Los_Angeles] PHP Fatal error:  Class 'canis\appFarm\components\wordpress\BackupTask' not found in /var/www/app/components/wordpress/Application.php on line 80
[31-Aug-2015 15:19:25 America/Los_Angeles] PHP Fatal error:  Class 'canis\appFarm\components\wordpress\BackupTask' not found in /var/www/app/components/wordpress/Application.php on line 80
[31-Aug-2015 15:19:30 America/Los_Angeles] PHP Fatal error:  Class 'canis\appFarm\components\wordpress\BackupTask' not found in /var/www/app/components/wordpress/Application.php on line 80
[31-Aug-2015 15:19:36 America/Los_Angeles] PHP Fatal error:  Class 'canis\appFarm\components\wordpress\BackupTask' not found in /var/www/app/components/wordpress/Application.php on line 80
[31-Aug-2015 15:19:42 America/Los_Angeles] PHP Fatal error:  Class 'canis\appFarm\components\wordpress\BackupTask' not found in /var/www/app/components/wordpress/Application.php on line 80
[31-Aug-2015 15:19:47 America/Los_Angeles] PHP Fatal error:  Class 'canis\appFarm\components\wordpress\BackupTask' not found in /var/www/app/components/wordpress/Application.php on line 80
[31-Aug-2015 15:19:53 America/Los_Angeles] PHP Fatal error:  Class 'canis\appFarm\components\wordpress\BackupTask' not found in /var/www/app/components/wordpress/Application.php on line 80
[31-Aug-2015 15:19:59 America/Los_Angeles] PHP Fatal error:  Class 'canis\appFarm\components\wordpress\BackupTask' not found in /var/www/app/components/wordpress/Application.php on line 80
[31-Aug-2015 15:20:04 America/Los_Angeles] PHP Fatal error:  Class 'canis\appFarm\components\wordpress\BackupTask' not found in /var/www/app/components/wordpress/Application.php on line 80
[31-Aug-2015 15:20:10 America/Los_Angeles] PHP Fatal error:  Class 'canis\appFarm\components\wordpress\BackupTask' not found in /var/www/app/components/wordpress/Application.php on line 80
[31-Aug-2015 15:20:16 America/Los_Angeles] PHP Fatal error:  Class 'canis\appFarm\components\wordpress\BackupTask' not found in /var/www/app/components/wordpress/Application.php on line 80
[31-Aug-2015 15:20:21 America/Los_Angeles] PHP Fatal error:  Class 'canis\appFarm\components\wordpress\BackupTask' not found in /var/www/app/components/wordpress/Application.php on line 80
[31-Aug-2015 15:20:27 America/Los_Angeles] PHP Fatal error:  Class 'canis\appFarm\components\wordpress\BackupTask' not found in /var/www/app/components/wordpress/Application.php on line 80
[31-Aug-2015 15:20:33 America/Los_Angeles] PHP Fatal error:  Class 'canis\appFarm\components\wordpress\BackupTask' not found in /var/www/app/components/wordpress/Application.php on line 80
[31-Aug-2015 15:20:38 America/Los_Angeles] PHP Fatal error:  Class 'canis\appFarm\components\wordpress\BackupTask' not found in /var/www/app/components/wordpress/Application.php on line 80
[31-Aug-2015 15:20:44 America/Los_Angeles] PHP Fatal error:  Class 'canis\appFarm\components\wordpress\BackupTask' not found in /var/www/app/components/wordpress/Application.php on line 80
[31-Aug-2015 15:20:50 America/Los_Angeles] PHP Fatal error:  Class 'canis\appFarm\components\wordpress\BackupTask' not found in /var/www/app/components/wordpress/Application.php on line 80
[31-Aug-2015 15:20:55 America/Los_Angeles] PHP Fatal error:  Class 'canis\appFarm\components\wordpress\BackupTask' not found in /var/www/app/components/wordpress/Application.php on line 80
[31-Aug-2015 15:21:01 America/Los_Angeles] PHP Fatal error:  Class 'canis\appFarm\components\wordpress\BackupTask' not found in /var/www/app/components/wordpress/Application.php on line 80
[31-Aug-2015 15:21:07 America/Los_Angeles] PHP Fatal error:  Class 'canis\appFarm\components\wordpress\BackupTask' not found in /var/www/app/components/wordpress/Application.php on line 80
[31-Aug-2015 15:21:12 America/Los_Angeles] PHP Fatal error:  Class 'canis\appFarm\components\wordpress\BackupTask' not found in /var/www/app/components/wordpress/Application.php on line 80
[31-Aug-2015 15:21:18 America/Los_Angeles] PHP Fatal error:  Class 'canis\appFarm\components\wordpress\BackupTask' not found in /var/www/app/components/wordpress/Application.php on line 80
[31-Aug-2015 15:21:24 America/Los_Angeles] PHP Fatal error:  Class 'canis\appFarm\components\wordpress\BackupTask' not found in /var/www/app/components/wordpress/Application.php on line 80
[31-Aug-2015 15:21:29 America/Los_Angeles] PHP Fatal error:  Class 'canis\appFarm\components\wordpress\BackupTask' not found in /var/www/app/components/wordpress/Application.php on line 80
[31-Aug-2015 15:21:35 America/Los_Angeles] PHP Fatal error:  Class 'canis\appFarm\components\wordpress\BackupTask' not found in /var/www/app/components/wordpress/Application.php on line 80
[31-Aug-2015 15:21:41 America/Los_Angeles] PHP Fatal error:  Class 'canis\appFarm\components\wordpress\BackupTask' not found in /var/www/app/components/wordpress/Application.php on line 80
[31-Aug-2015 15:21:46 America/Los_Angeles] PHP Fatal error:  Class 'canis\appFarm\components\wordpress\BackupTask' not found in /var/www/app/components/wordpress/Application.php on line 80
[31-Aug-2015 15:21:52 America/Los_Angeles] PHP Fatal error:  Class 'canis\appFarm\components\wordpress\BackupTask' not found in /var/www/app/components/wordpress/Application.php on line 80
[31-Aug-2015 15:21:58 America/Los_Angeles] PHP Fatal error:  Class 'canis\appFarm\components\wordpress\BackupTask' not found in /var/www/app/components/wordpress/Application.php on line 80
[31-Aug-2015 15:22:03 America/Los_Angeles] PHP Fatal error:  Class 'canis\appFarm\components\wordpress\BackupTask' not found in /var/www/app/components/wordpress/Application.php on line 80
[31-Aug-2015 15:22:09 America/Los_Angeles] PHP Fatal error:  Class 'canis\appFarm\components\wordpress\BackupTask' not found in /var/www/app/components/wordpress/Application.php on line 80
[31-Aug-2015 15:22:15 America/Los_Angeles] PHP Fatal error:  Class 'canis\appFarm\components\wordpress\BackupTask' not found in /var/www/app/components/wordpress/Application.php on line 80
[31-Aug-2015 15:22:20 America/Los_Angeles] PHP Fatal error:  Class 'canis\appFarm\components\wordpress\BackupTask' not found in /var/www/app/components/wordpress/Application.php on line 80
[31-Aug-2015 15:22:26 America/Los_Angeles] PHP Fatal error:  Class 'canis\appFarm\components\wordpress\BackupTask' not found in /var/www/app/components/wordpress/Application.php on line 80
[31-Aug-2015 15:22:32 America/Los_Angeles] PHP Fatal error:  Class 'canis\appFarm\components\wordpress\BackupTask' not found in /var/www/app/components/wordpress/Application.php on line 80
[31-Aug-2015 15:22:37 America/Los_Angeles] PHP Fatal error:  Class 'canis\appFarm\components\wordpress\BackupTask' not found in /var/www/app/components/wordpress/Application.php on line 80
[31-Aug-2015 15:22:43 America/Los_Angeles] PHP Fatal error:  Class 'canis\appFarm\components\wordpress\BackupTask' not found in /var/www/app/components/wordpress/Application.php on line 80
[31-Aug-2015 15:22:49 America/Los_Angeles] PHP Fatal error:  Class 'canis\appFarm\components\wordpress\BackupTask' not found in /var/www/app/components/wordpress/Application.php on line 80
[31-Aug-2015 15:22:55 America/Los_Angeles] PHP Fatal error:  Class 'canis\appFarm\components\wordpress\BackupTask' not found in /var/www/app/components/wordpress/Application.php on line 80
[31-Aug-2015 15:23:01 America/Los_Angeles] PHP Fatal error:  Class 'canis\appFarm\components\wordpress\BackupTask' not found in /var/www/app/components/wordpress/Application.php on line 80
[31-Aug-2015 15:23:06 America/Los_Angeles] PHP Fatal error:  Class 'canis\appFarm\components\wordpress\BackupTask' not found in /var/www/app/components/wordpress/Application.php on line 80
[31-Aug-2015 15:23:12 America/Los_Angeles] PHP Fatal error:  Class 'canis\appFarm\components\wordpress\BackupTask' not found in /var/www/app/components/wordpress/Application.php on line 80
[31-Aug-2015 15:23:18 America/Los_Angeles] PHP Fatal error:  Class 'canis\appFarm\components\wordpress\BackupTask' not found in /var/www/app/components/wordpress/Application.php on line 80
[31-Aug-2015 15:23:24 America/Los_Angeles] PHP Fatal error:  Class 'canis\appFarm\components\wordpress\BackupTask' not found in /var/www/app/components/wordpress/Application.php on line 80
[31-Aug-2015 15:23:29 America/Los_Angeles] PHP Fatal error:  Class 'canis\appFarm\components\wordpress\BackupTask' not found in /var/www/app/components/wordpress/Application.php on line 80
[31-Aug-2015 15:23:35 America/Los_Angeles] PHP Fatal error:  Class 'canis\appFarm\components\wordpress\BackupTask' not found in /var/www/app/components/wordpress/Application.php on line 80
[31-Aug-2015 15:23:41 America/Los_Angeles] PHP Fatal error:  Class 'canis\appFarm\components\wordpress\BackupTask' not found in /var/www/app/components/wordpress/Application.php on line 80
[31-Aug-2015 15:23:46 America/Los_Angeles] PHP Fatal error:  Class 'canis\appFarm\components\wordpress\BackupTask' not found in /var/www/app/components/wordpress/Application.php on line 80
[31-Aug-2015 15:23:52 America/Los_Angeles] PHP Fatal error:  Class 'canis\appFarm\components\wordpress\BackupTask' not found in /var/www/app/components/wordpress/Application.php on line 80
[31-Aug-2015 15:23:58 America/Los_Angeles] PHP Fatal error:  Class 'canis\appFarm\components\wordpress\BackupTask' not found in /var/www/app/components/wordpress/Application.php on line 80
[31-Aug-2015 15:24:03 America/Los_Angeles] PHP Fatal error:  Class 'canis\appFarm\components\wordpress\BackupTask' not found in /var/www/app/components/wordpress/Application.php on line 80
[31-Aug-2015 15:24:09 America/Los_Angeles] PHP Fatal error:  Class 'canis\appFarm\components\wordpress\BackupTask' not found in /var/www/app/components/wordpress/Application.php on line 80
[31-Aug-2015 15:24:14 America/Los_Angeles] PHP Fatal error:  Class 'canis\appFarm\components\wordpress\BackupTask' not found in /var/www/app/components/wordpress/Application.php on line 80
[31-Aug-2015 15:24:20 America/Los_Angeles] PHP Fatal error:  Class 'canis\appFarm\components\wordpress\BackupTask' not found in /var/www/app/components/wordpress/Application.php on line 80
[31-Aug-2015 15:24:26 America/Los_Angeles] PHP Fatal error:  Class 'canis\appFarm\components\wordpress\BackupTask' not found in /var/www/app/components/wordpress/Application.php on line 80
[31-Aug-2015 15:24:31 America/Los_Angeles] PHP Fatal error:  Class 'canis\appFarm\components\wordpress\BackupTask' not found in /var/www/app/components/wordpress/Application.php on line 80
[31-Aug-2015 15:24:37 America/Los_Angeles] PHP Fatal error:  Class 'canis\appFarm\components\wordpress\BackupTask' not found in /var/www/app/components/wordpress/Application.php on line 80
[31-Aug-2015 15:24:43 America/Los_Angeles] PHP Fatal error:  Class 'canis\appFarm\components\wordpress\BackupTask' not found in /var/www/app/components/wordpress/Application.php on line 80
[31-Aug-2015 15:24:48 America/Los_Angeles] PHP Fatal error:  Class 'canis\appFarm\components\wordpress\BackupTask' not found in /var/www/app/components/wordpress/Application.php on line 80
[31-Aug-2015 15:24:54 America/Los_Angeles] PHP Fatal error:  Class 'canis\appFarm\components\wordpress\BackupTask' not found in /var/www/app/components/wordpress/Application.php on line 80
[31-Aug-2015 15:25:00 America/Los_Angeles] PHP Fatal error:  Class 'canis\appFarm\components\wordpress\BackupTask' not found in /var/www/app/components/wordpress/Application.php on line 80
[31-Aug-2015 15:25:05 America/Los_Angeles] PHP Fatal error:  Class 'canis\appFarm\components\wordpress\BackupTask' not found in /var/www/app/components/wordpress/Application.php on line 80
[31-Aug-2015 15:25:11 America/Los_Angeles] PHP Fatal error:  Class 'canis\appFarm\components\wordpress\BackupTask' not found in /var/www/app/components/wordpress/Application.php on line 80
[31-Aug-2015 15:25:17 America/Los_Angeles] PHP Fatal error:  Class 'canis\appFarm\components\wordpress\BackupTask' not found in /var/www/app/components/wordpress/Application.php on line 80
[31-Aug-2015 15:25:22 America/Los_Angeles] PHP Fatal error:  Class 'canis\appFarm\components\wordpress\BackupTask' not found in /var/www/app/components/wordpress/Application.php on line 80
[31-Aug-2015 15:25:28 America/Los_Angeles] PHP Fatal error:  Class 'canis\appFarm\components\wordpress\BackupTask' not found in /var/www/app/components/wordpress/Application.php on line 80
[31-Aug-2015 15:25:34 America/Los_Angeles] PHP Fatal error:  Class 'canis\appFarm\components\wordpress\BackupTask' not found in /var/www/app/components/wordpress/Application.php on line 80
[31-Aug-2015 15:25:39 America/Los_Angeles] PHP Fatal error:  Class 'canis\appFarm\components\wordpress\BackupTask' not found in /var/www/app/components/wordpress/Application.php on line 80
[31-Aug-2015 15:25:45 America/Los_Angeles] PHP Fatal error:  Class 'canis\appFarm\components\wordpress\BackupTask' not found in /var/www/app/components/wordpress/Application.php on line 80
[31-Aug-2015 15:25:51 America/Los_Angeles] PHP Fatal error:  Class 'canis\appFarm\components\wordpress\BackupTask' not found in /var/www/app/components/wordpress/Application.php on line 80
[31-Aug-2015 15:25:56 America/Los_Angeles] PHP Fatal error:  Class 'canis\appFarm\components\wordpress\BackupTask' not found in /var/www/app/components/wordpress/Application.php on line 80
[31-Aug-2015 15:26:02 America/Los_Angeles] PHP Fatal error:  Class 'canis\appFarm\components\wordpress\BackupTask' not found in /var/www/app/components/wordpress/Application.php on line 80
[31-Aug-2015 15:26:08 America/Los_Angeles] PHP Fatal error:  Class 'canis\appFarm\components\wordpress\BackupTask' not found in /var/www/app/components/wordpress/Application.php on line 80
[31-Aug-2015 15:26:13 America/Los_Angeles] PHP Fatal error:  Class 'canis\appFarm\components\wordpress\BackupTask' not found in /var/www/app/components/wordpress/Application.php on line 80
[31-Aug-2015 15:26:19 America/Los_Angeles] PHP Fatal error:  Class 'canis\appFarm\components\wordpress\BackupTask' not found in /var/www/app/components/wordpress/Application.php on line 80
[31-Aug-2015 15:26:25 America/Los_Angeles] PHP Fatal error:  Class 'canis\appFarm\components\wordpress\BackupTask' not found in /var/www/app/components/wordpress/Application.php on line 80
[31-Aug-2015 15:26:30 America/Los_Angeles] PHP Fatal error:  Class 'canis\appFarm\components\wordpress\BackupTask' not found in /var/www/app/components/wordpress/Application.php on line 80
[31-Aug-2015 15:26:36 America/Los_Angeles] PHP Fatal error:  Class 'canis\appFarm\components\wordpress\BackupTask' not found in /var/www/app/components/wordpress/Application.php on line 80
[31-Aug-2015 15:26:42 America/Los_Angeles] PHP Fatal error:  Class 'canis\appFarm\components\wordpress\BackupTask' not found in /var/www/app/components/wordpress/Application.php on line 80
[31-Aug-2015 15:26:47 America/Los_Angeles] PHP Fatal error:  Class 'canis\appFarm\components\wordpress\BackupTask' not found in /var/www/app/components/wordpress/Application.php on line 80
[31-Aug-2015 15:26:53 America/Los_Angeles] PHP Fatal error:  Class 'canis\appFarm\components\wordpress\BackupTask' not found in /var/www/app/components/wordpress/Application.php on line 80
[31-Aug-2015 15:26:59 America/Los_Angeles] PHP Fatal error:  Class 'canis\appFarm\components\wordpress\BackupTask' not found in /var/www/app/components/wordpress/Application.php on line 80
[31-Aug-2015 15:27:04 America/Los_Angeles] PHP Fatal error:  Class 'canis\appFarm\components\wordpress\BackupTask' not found in /var/www/app/components/wordpress/Application.php on line 80
[31-Aug-2015 15:27:10 America/Los_Angeles] PHP Fatal error:  Class 'canis\appFarm\components\wordpress\BackupTask' not found in /var/www/app/components/wordpress/Application.php on line 80
[31-Aug-2015 15:27:16 America/Los_Angeles] PHP Fatal error:  Class 'canis\appFarm\components\wordpress\BackupTask' not found in /var/www/app/components/wordpress/Application.php on line 80
[31-Aug-2015 15:27:21 America/Los_Angeles] PHP Fatal error:  Class 'canis\appFarm\components\wordpress\BackupTask' not found in /var/www/app/components/wordpress/Application.php on line 80
[31-Aug-2015 15:27:27 America/Los_Angeles] PHP Fatal error:  Class 'canis\appFarm\components\wordpress\BackupTask' not found in /var/www/app/components/wordpress/Application.php on line 80
[31-Aug-2015 15:27:33 America/Los_Angeles] PHP Fatal error:  Class 'canis\appFarm\components\wordpress\BackupTask' not found in /var/www/app/components/wordpress/Application.php on line 80
[31-Aug-2015 15:27:39 America/Los_Angeles] PHP Fatal error:  Class 'canis\appFarm\components\wordpress\BackupTask' not found in /var/www/app/components/wordpress/Application.php on line 80
[31-Aug-2015 15:27:44 America/Los_Angeles] PHP Fatal error:  Class 'canis\appFarm\components\wordpress\BackupTask' not found in /var/www/app/components/wordpress/Application.php on line 80
[31-Aug-2015 15:27:50 America/Los_Angeles] PHP Fatal error:  Class 'canis\appFarm\components\wordpress\BackupTask' not found in /var/www/app/components/wordpress/Application.php on line 80
[31-Aug-2015 15:27:56 America/Los_Angeles] PHP Fatal error:  Class 'canis\appFarm\components\wordpress\BackupTask' not found in /var/www/app/components/wordpress/Application.php on line 80
[31-Aug-2015 15:28:02 America/Los_Angeles] PHP Fatal error:  Class 'canis\appFarm\components\wordpress\BackupTask' not found in /var/www/app/components/wordpress/Application.php on line 80
[31-Aug-2015 15:28:07 America/Los_Angeles] PHP Fatal error:  Class 'canis\appFarm\components\wordpress\BackupTask' not found in /var/www/app/components/wordpress/Application.php on line 80
[31-Aug-2015 15:28:13 America/Los_Angeles] PHP Fatal error:  Class 'canis\appFarm\components\wordpress\BackupTask' not found in /var/www/app/components/wordpress/Application.php on line 80
[31-Aug-2015 15:28:19 America/Los_Angeles] PHP Fatal error:  Class 'canis\appFarm\components\wordpress\BackupTask' not found in /var/www/app/components/wordpress/Application.php on line 80
[31-Aug-2015 15:28:24 America/Los_Angeles] PHP Fatal error:  Class 'canis\appFarm\components\wordpress\BackupTask' not found in /var/www/app/components/wordpress/Application.php on line 80
[31-Aug-2015 15:28:30 America/Los_Angeles] PHP Fatal error:  Class 'canis\appFarm\components\wordpress\BackupTask' not found in /var/www/app/components/wordpress/Application.php on line 80
[31-Aug-2015 15:28:36 America/Los_Angeles] PHP Fatal error:  Class 'canis\appFarm\components\wordpress\BackupTask' not found in /var/www/app/components/wordpress/Application.php on line 80
[31-Aug-2015 15:28:42 America/Los_Angeles] PHP Fatal error:  Class 'canis\appFarm\components\wordpress\BackupTask' not found in /var/www/app/components/wordpress/Application.php on line 80
[31-Aug-2015 15:28:47 America/Los_Angeles] PHP Fatal error:  Class 'canis\appFarm\components\wordpress\BackupTask' not found in /var/www/app/components/wordpress/Application.php on line 80
[31-Aug-2015 15:28:53 America/Los_Angeles] PHP Fatal error:  Class 'canis\appFarm\components\wordpress\BackupTask' not found in /var/www/app/components/wordpress/Application.php on line 80
[31-Aug-2015 15:28:58 America/Los_Angeles] PHP Fatal error:  Class 'canis\appFarm\components\wordpress\BackupTask' not found in /var/www/app/components/wordpress/Application.php on line 80
[31-Aug-2015 15:29:04 America/Los_Angeles] PHP Fatal error:  Class 'canis\appFarm\components\wordpress\BackupTask' not found in /var/www/app/components/wordpress/Application.php on line 80
[31-Aug-2015 15:29:10 America/Los_Angeles] PHP Fatal error:  Class 'canis\appFarm\components\wordpress\BackupTask' not found in /var/www/app/components/wordpress/Application.php on line 80
[31-Aug-2015 15:29:15 America/Los_Angeles] PHP Fatal error:  Class 'canis\appFarm\components\wordpress\BackupTask' not found in /var/www/app/components/wordpress/Application.php on line 80
[31-Aug-2015 15:29:21 America/Los_Angeles] PHP Fatal error:  Class 'canis\appFarm\components\wordpress\BackupTask' not found in /var/www/app/components/wordpress/Application.php on line 80
[31-Aug-2015 15:29:27 America/Los_Angeles] PHP Fatal error:  Class 'canis\appFarm\components\wordpress\BackupTask' not found in /var/www/app/components/wordpress/Application.php on line 80
[31-Aug-2015 15:29:32 America/Los_Angeles] PHP Fatal error:  Class 'canis\appFarm\components\wordpress\BackupTask' not found in /var/www/app/components/wordpress/Application.php on line 80
[31-Aug-2015 15:29:38 America/Los_Angeles] PHP Fatal error:  Class 'canis\appFarm\components\wordpress\BackupTask' not found in /var/www/app/components/wordpress/Application.php on line 80
[31-Aug-2015 15:29:44 America/Los_Angeles] PHP Fatal error:  Class 'canis\appFarm\components\wordpress\BackupTask' not found in /var/www/app/components/wordpress/Application.php on line 80
[31-Aug-2015 15:29:49 America/Los_Angeles] PHP Fatal error:  Class 'canis\appFarm\components\wordpress\BackupTask' not found in /var/www/app/components/wordpress/Application.php on line 80
[31-Aug-2015 15:29:55 America/Los_Angeles] PHP Fatal error:  Class 'canis\appFarm\components\wordpress\BackupTask' not found in /var/www/app/components/wordpress/Application.php on line 80
[31-Aug-2015 15:30:01 America/Los_Angeles] PHP Fatal error:  Class 'canis\appFarm\components\wordpress\BackupTask' not found in /var/www/app/components/wordpress/Application.php on line 80
[31-Aug-2015 15:30:08 America/Los_Angeles] PHP Fatal error:  Class 'canis\appFarm\components\wordpress\BackupTask' not found in /var/www/app/components/wordpress/Application.php on line 80
[31-Aug-2015 15:30:14 America/Los_Angeles] PHP Fatal error:  Class 'canis\appFarm\components\wordpress\BackupTask' not found in /var/www/app/components/wordpress/Application.php on line 80
[31-Aug-2015 15:30:19 America/Los_Angeles] PHP Fatal error:  Class 'canis\appFarm\components\wordpress\BackupTask' not found in /var/www/app/components/wordpress/Application.php on line 80
[31-Aug-2015 15:30:25 America/Los_Angeles] PHP Fatal error:  Class 'canis\appFarm\components\wordpress\BackupTask' not found in /var/www/app/components/wordpress/Application.php on line 80
[31-Aug-2015 15:30:31 America/Los_Angeles] PHP Fatal error:  Class 'canis\appFarm\components\wordpress\BackupTask' not found in /var/www/app/components/wordpress/Application.php on line 80
[31-Aug-2015 15:30:36 America/Los_Angeles] PHP Fatal error:  Class 'canis\appFarm\components\wordpress\BackupTask' not found in /var/www/app/components/wordpress/Application.php on line 80
[31-Aug-2015 15:30:42 America/Los_Angeles] PHP Fatal error:  Class 'canis\appFarm\components\wordpress\BackupTask' not found in /var/www/app/components/wordpress/Application.php on line 80
[31-Aug-2015 15:30:48 America/Los_Angeles] PHP Fatal error:  Class 'canis\appFarm\components\wordpress\BackupTask' not found in /var/www/app/components/wordpress/Application.php on line 80
[31-Aug-2015 15:30:54 America/Los_Angeles] PHP Fatal error:  Class 'canis\appFarm\components\wordpress\BackupTask' not found in /var/www/app/components/wordpress/Application.php on line 80
[31-Aug-2015 15:30:59 America/Los_Angeles] PHP Fatal error:  Class 'canis\appFarm\components\wordpress\BackupTask' not found in /var/www/app/components/wordpress/Application.php on line 80
[31-Aug-2015 15:31:05 America/Los_Angeles] PHP Fatal error:  Class 'canis\appFarm\components\wordpress\BackupTask' not found in /var/www/app/components/wordpress/Application.php on line 80
[31-Aug-2015 15:31:10 America/Los_Angeles] PHP Fatal error:  Class 'canis\appFarm\components\wordpress\BackupTask' not found in /var/www/app/components/wordpress/Application.php on line 80
[31-Aug-2015 15:31:16 America/Los_Angeles] PHP Fatal error:  Class 'canis\appFarm\components\wordpress\BackupTask' not found in /var/www/app/components/wordpress/Application.php on line 80
[31-Aug-2015 15:31:22 America/Los_Angeles] PHP Fatal error:  Class 'canis\appFarm\components\wordpress\BackupTask' not found in /var/www/app/components/wordpress/Application.php on line 80
[31-Aug-2015 15:31:27 America/Los_Angeles] PHP Fatal error:  Class 'canis\appFarm\components\wordpress\BackupTask' not found in /var/www/app/components/wordpress/Application.php on line 80
[31-Aug-2015 15:31:33 America/Los_Angeles] PHP Fatal error:  Class 'canis\appFarm\components\wordpress\BackupTask' not found in /var/www/app/components/wordpress/Application.php on line 80
[31-Aug-2015 15:31:39 America/Los_Angeles] PHP Fatal error:  Class 'canis\appFarm\components\wordpress\BackupTask' not found in /var/www/app/components/wordpress/Application.php on line 80
[31-Aug-2015 15:31:45 America/Los_Angeles] PHP Fatal error:  Class 'canis\appFarm\components\wordpress\BackupTask' not found in /var/www/app/components/wordpress/Application.php on line 80
[31-Aug-2015 15:31:50 America/Los_Angeles] PHP Fatal error:  Class 'canis\appFarm\components\wordpress\BackupTask' not found in /var/www/app/components/wordpress/Application.php on line 80
[31-Aug-2015 15:31:56 America/Los_Angeles] PHP Fatal error:  Class 'canis\appFarm\components\wordpress\BackupTask' not found in /var/www/app/components/wordpress/Application.php on line 80
[31-Aug-2015 15:32:02 America/Los_Angeles] PHP Fatal error:  Class 'canis\appFarm\components\wordpress\BackupTask' not found in /var/www/app/components/wordpress/Application.php on line 80
[31-Aug-2015 15:32:07 America/Los_Angeles] PHP Fatal error:  Class 'canis\appFarm\components\wordpress\BackupTask' not found in /var/www/app/components/wordpress/Application.php on line 80
[31-Aug-2015 15:32:13 America/Los_Angeles] PHP Fatal error:  Class 'canis\appFarm\components\wordpress\BackupTask' not found in /var/www/app/components/wordpress/Application.php on line 80
[31-Aug-2015 15:32:19 America/Los_Angeles] PHP Fatal error:  Class 'canis\appFarm\components\wordpress\BackupTask' not found in /var/www/app/components/wordpress/Application.php on line 80
[31-Aug-2015 15:32:24 America/Los_Angeles] PHP Fatal error:  Class 'canis\appFarm\components\wordpress\BackupTask' not found in /var/www/app/components/wordpress/Application.php on line 80
[31-Aug-2015 15:32:30 America/Los_Angeles] PHP Fatal error:  Class 'canis\appFarm\components\wordpress\BackupTask' not found in /var/www/app/components/wordpress/Application.php on line 80
[31-Aug-2015 15:32:36 America/Los_Angeles] PHP Fatal error:  Class 'canis\appFarm\components\wordpress\BackupTask' not found in /var/www/app/components/wordpress/Application.php on line 80
[31-Aug-2015 15:32:42 America/Los_Angeles] PHP Fatal error:  Class 'canis\appFarm\components\wordpress\BackupTask' not found in /var/www/app/components/wordpress/Application.php on line 80
[31-Aug-2015 15:32:47 America/Los_Angeles] PHP Fatal error:  Class 'canis\appFarm\components\wordpress\BackupTask' not found in /var/www/app/components/wordpress/Application.php on line 80
[31-Aug-2015 15:32:53 America/Los_Angeles] PHP Fatal error:  Class 'canis\appFarm\components\wordpress\BackupTask' not found in /var/www/app/components/wordpress/Application.php on line 80
[31-Aug-2015 15:32:59 America/Los_Angeles] PHP Fatal error:  Class 'canis\appFarm\components\wordpress\BackupTask' not found in /var/www/app/components/wordpress/Application.php on line 80
[31-Aug-2015 15:33:04 America/Los_Angeles] PHP Fatal error:  Class 'canis\appFarm\components\wordpress\BackupTask' not found in /var/www/app/components/wordpress/Application.php on line 80
[31-Aug-2015 15:33:10 America/Los_Angeles] PHP Fatal error:  Class 'canis\appFarm\components\wordpress\BackupTask' not found in /var/www/app/components/wordpress/Application.php on line 80
[31-Aug-2015 15:33:15 America/Los_Angeles] PHP Fatal error:  Class 'canis\appFarm\components\wordpress\BackupTask' not found in /var/www/app/components/wordpress/Application.php on line 80
[31-Aug-2015 15:33:21 America/Los_Angeles] PHP Fatal error:  Class 'canis\appFarm\components\wordpress\BackupTask' not found in /var/www/app/components/wordpress/Application.php on line 80
[31-Aug-2015 15:33:27 America/Los_Angeles] PHP Fatal error:  Class 'canis\appFarm\components\wordpress\BackupTask' not found in /var/www/app/components/wordpress/Application.php on line 80
[31-Aug-2015 15:33:33 America/Los_Angeles] PHP Fatal error:  Class 'canis\appFarm\components\wordpress\BackupTask' not found in /var/www/app/components/wordpress/Application.php on line 80
[31-Aug-2015 15:33:38 America/Los_Angeles] PHP Fatal error:  Class 'canis\appFarm\components\wordpress\BackupTask' not found in /var/www/app/components/wordpress/Application.php on line 80
[31-Aug-2015 15:33:44 America/Los_Angeles] PHP Fatal error:  Class 'canis\appFarm\components\wordpress\BackupTask' not found in /var/www/app/components/wordpress/Application.php on line 80
[31-Aug-2015 15:33:50 America/Los_Angeles] PHP Fatal error:  Class 'canis\appFarm\components\wordpress\BackupTask' not found in /var/www/app/components/wordpress/Application.php on line 80
[31-Aug-2015 15:33:56 America/Los_Angeles] PHP Fatal error:  Class 'canis\appFarm\components\wordpress\BackupTask' not found in /var/www/app/components/wordpress/Application.php on line 80
[31-Aug-2015 15:34:02 America/Los_Angeles] PHP Fatal error:  Class 'canis\appFarm\components\wordpress\BackupTask' not found in /var/www/app/components/wordpress/Application.php on line 80
[31-Aug-2015 15:34:08 America/Los_Angeles] PHP Fatal error:  Class 'canis\appFarm\components\wordpress\BackupTask' not found in /var/www/app/components/wordpress/Application.php on line 80
[31-Aug-2015 15:34:13 America/Los_Angeles] PHP Fatal error:  Class 'canis\appFarm\components\wordpress\BackupTask' not found in /var/www/app/components/wordpress/Application.php on line 80
[31-Aug-2015 15:34:19 America/Los_Angeles] PHP Fatal error:  Class 'canis\appFarm\components\wordpress\BackupTask' not found in /var/www/app/components/wordpress/Application.php on line 80
[31-Aug-2015 15:34:25 America/Los_Angeles] PHP Fatal error:  Class 'canis\appFarm\components\wordpress\BackupTask' not found in /var/www/app/components/wordpress/Application.php on line 80
[31-Aug-2015 15:34:31 America/Los_Angeles] PHP Fatal error:  Class 'canis\appFarm\components\wordpress\BackupTask' not found in /var/www/app/components/wordpress/Application.php on line 80
[31-Aug-2015 15:34:37 America/Los_Angeles] PHP Fatal error:  Class 'canis\appFarm\components\wordpress\BackupTask' not found in /var/www/app/components/wordpress/Application.php on line 80
[31-Aug-2015 15:34:42 America/Los_Angeles] PHP Fatal error:  Class 'canis\appFarm\components\wordpress\BackupTask' not found in /var/www/app/components/wordpress/Application.php on line 80
[31-Aug-2015 15:34:48 America/Los_Angeles] PHP Fatal error:  Class 'canis\appFarm\components\wordpress\BackupTask' not found in /var/www/app/components/wordpress/Application.php on line 80
[31-Aug-2015 15:34:54 America/Los_Angeles] PHP Fatal error:  Class 'canis\appFarm\components\wordpress\BackupTask' not found in /var/www/app/components/wordpress/Application.php on line 80
[31-Aug-2015 15:35:00 America/Los_Angeles] PHP Fatal error:  Class 'canis\appFarm\components\wordpress\BackupTask' not found in /var/www/app/components/wordpress/Application.php on line 80
[31-Aug-2015 15:35:05 America/Los_Angeles] PHP Fatal error:  Class 'canis\appFarm\components\wordpress\BackupTask' not found in /var/www/app/components/wordpress/Application.php on line 80
[31-Aug-2015 15:35:11 America/Los_Angeles] PHP Fatal error:  Class 'canis\appFarm\components\wordpress\BackupTask' not found in /var/www/app/components/wordpress/Application.php on line 80
[31-Aug-2015 15:35:17 America/Los_Angeles] PHP Fatal error:  Class 'canis\appFarm\components\wordpress\BackupTask' not found in /var/www/app/components/wordpress/Application.php on line 80
[31-Aug-2015 15:35:22 America/Los_Angeles] PHP Fatal error:  Class 'canis\appFarm\components\wordpress\BackupTask' not found in /var/www/app/components/wordpress/Application.php on line 80
[31-Aug-2015 15:35:28 America/Los_Angeles] PHP Fatal error:  Class 'canis\appFarm\components\wordpress\BackupTask' not found in /var/www/app/components/wordpress/Application.php on line 80
[31-Aug-2015 15:35:34 America/Los_Angeles] PHP Fatal error:  Class 'canis\appFarm\components\wordpress\BackupTask' not found in /var/www/app/components/wordpress/Application.php on line 80
[31-Aug-2015 15:35:39 America/Los_Angeles] PHP Fatal error:  Class 'canis\appFarm\components\wordpress\BackupTask' not found in /var/www/app/components/wordpress/Application.php on line 80
[31-Aug-2015 15:35:45 America/Los_Angeles] PHP Fatal error:  Class 'canis\appFarm\components\wordpress\BackupTask' not found in /var/www/app/components/wordpress/Application.php on line 80
[31-Aug-2015 15:35:51 America/Los_Angeles] PHP Fatal error:  Class 'canis\appFarm\components\wordpress\BackupTask' not found in /var/www/app/components/wordpress/Application.php on line 80
[31-Aug-2015 15:35:56 America/Los_Angeles] PHP Fatal error:  Class 'canis\appFarm\components\wordpress\BackupTask' not found in /var/www/app/components/wordpress/Application.php on line 80
[31-Aug-2015 15:36:02 America/Los_Angeles] PHP Fatal error:  Class 'canis\appFarm\components\wordpress\BackupTask' not found in /var/www/app/components/wordpress/Application.php on line 80
[31-Aug-2015 15:36:08 America/Los_Angeles] PHP Fatal error:  Class 'canis\appFarm\components\wordpress\BackupTask' not found in /var/www/app/components/wordpress/Application.php on line 80
[31-Aug-2015 15:36:13 America/Los_Angeles] PHP Fatal error:  Class 'canis\appFarm\components\wordpress\BackupTask' not found in /var/www/app/components/wordpress/Application.php on line 80
[31-Aug-2015 15:36:19 America/Los_Angeles] PHP Fatal error:  Class 'canis\appFarm\components\wordpress\BackupTask' not found in /var/www/app/components/wordpress/Application.php on line 80
[31-Aug-2015 15:36:25 America/Los_Angeles] PHP Fatal error:  Class 'canis\appFarm\components\wordpress\BackupTask' not found in /var/www/app/components/wordpress/Application.php on line 80
[31-Aug-2015 15:36:30 America/Los_Angeles] PHP Fatal error:  Class 'canis\appFarm\components\wordpress\BackupTask' not found in /var/www/app/components/wordpress/Application.php on line 80
[31-Aug-2015 15:36:36 America/Los_Angeles] PHP Fatal error:  Class 'canis\appFarm\components\wordpress\BackupTask' not found in /var/www/app/components/wordpress/Application.php on line 80
[31-Aug-2015 15:36:42 America/Los_Angeles] PHP Fatal error:  Class 'canis\appFarm\components\wordpress\BackupTask' not found in /var/www/app/components/wordpress/Application.php on line 80
[31-Aug-2015 15:36:47 America/Los_Angeles] PHP Fatal error:  Class 'canis\appFarm\components\applications\tasks\CommandRetrieveBackupTask' not found in /var/www/app/components/wordpress/tasks/BackupTask.php on line 15
[31-Aug-2015 15:36:53 America/Los_Angeles] PHP Fatal error:  Class 'canis\appFarm\components\applications\tasks\CommandRetrieveBackupTask' not found in /var/www/app/components/wordpress/tasks/BackupTask.php on line 15
[31-Aug-2015 15:36:59 America/Los_Angeles] PHP Fatal error:  Class 'canis\appFarm\components\applications\tasks\CommandRetrieveBackupTask' not found in /var/www/app/components/wordpress/tasks/BackupTask.php on line 15
[31-Aug-2015 15:37:05 America/Los_Angeles] PHP Fatal error:  Class 'canis\appFarm\components\applications\tasks\CommandRetrieveBackupTask' not found in /var/www/app/components/wordpress/tasks/BackupTask.php on line 15
[31-Aug-2015 15:37:10 America/Los_Angeles] PHP Fatal error:  Class 'canis\appFarm\components\applications\tasks\CommandRetrieveBackupTask' not found in /var/www/app/components/wordpress/tasks/BackupTask.php on line 15
[31-Aug-2015 15:37:16 America/Los_Angeles] PHP Fatal error:  Class 'canis\appFarm\components\applications\tasks\CommandRetrieveBackupTask' not found in /var/www/app/components/wordpress/tasks/BackupTask.php on line 15
[31-Aug-2015 15:37:21 America/Los_Angeles] PHP Fatal error:  Class 'canis\appFarm\components\applications\tasks\CommandRetrieveBackupTask' not found in /var/www/app/components/wordpress/tasks/BackupTask.php on line 15
[31-Aug-2015 15:37:27 America/Los_Angeles] PHP Fatal error:  Class 'canis\appFarm\components\applications\tasks\CommandRetrieveBackupTask' not found in /var/www/app/components/wordpress/tasks/BackupTask.php on line 15
[31-Aug-2015 15:37:33 America/Los_Angeles] PHP Fatal error:  Class 'canis\appFarm\components\applications\tasks\CommandRetrieveBackupTask' not found in /var/www/app/components/wordpress/tasks/BackupTask.php on line 15
[31-Aug-2015 15:37:38 America/Los_Angeles] PHP Fatal error:  Class 'canis\appFarm\components\applications\tasks\CommandRetrieveBackupTask' not found in /var/www/app/components/wordpress/tasks/BackupTask.php on line 15
[31-Aug-2015 15:37:44 America/Los_Angeles] PHP Fatal error:  Class 'canis\appFarm\components\applications\tasks\CommandRetrieveBackupTask' not found in /var/www/app/components/wordpress/tasks/BackupTask.php on line 15
[31-Aug-2015 15:37:50 America/Los_Angeles] PHP Fatal error:  Class 'canis\appFarm\components\applications\tasks\CommandRetrieveBackupTask' not found in /var/www/app/components/wordpress/tasks/BackupTask.php on line 15
[31-Aug-2015 15:37:56 America/Los_Angeles] PHP Fatal error:  Class 'canis\appFarm\components\applications\tasks\CommandRetrieveBackupTask' not found in /var/www/app/components/wordpress/tasks/BackupTask.php on line 15
[31-Aug-2015 15:38:01 America/Los_Angeles] PHP Fatal error:  Class 'canis\appFarm\components\applications\tasks\CommandRetrieveBackupTask' not found in /var/www/app/components/wordpress/tasks/BackupTask.php on line 15
[31-Aug-2015 15:38:07 America/Los_Angeles] PHP Fatal error:  Class 'canis\appFarm\components\applications\tasks\CommandRetrieveBackupTask' not found in /var/www/app/components/wordpress/tasks/BackupTask.php on line 15
[31-Aug-2015 15:38:13 America/Los_Angeles] PHP Fatal error:  Class 'canis\appFarm\components\applications\tasks\CommandRetrieveBackupTask' not found in /var/www/app/components/wordpress/tasks/BackupTask.php on line 15
[31-Aug-2015 15:38:19 America/Los_Angeles] PHP Fatal error:  Class 'canis\appFarm\components\applications\tasks\CommandRetrieveBackupTask' not found in /var/www/app/components/wordpress/tasks/BackupTask.php on line 15
[31-Aug-2015 15:38:24 America/Los_Angeles] PHP Fatal error:  Class 'canis\appFarm\components\applications\tasks\CommandRetrieveBackupTask' not found in /var/www/app/components/wordpress/tasks/BackupTask.php on line 15
[31-Aug-2015 15:38:30 America/Los_Angeles] PHP Fatal error:  Class 'canis\appFarm\components\applications\tasks\CommandRetrieveBackupTask' not found in /var/www/app/components/wordpress/tasks/BackupTask.php on line 15
[31-Aug-2015 15:38:36 America/Los_Angeles] PHP Fatal error:  Class 'canis\appFarm\components\applications\tasks\CommandRetrieveBackupTask' not found in /var/www/app/components/wordpress/tasks/BackupTask.php on line 15
[31-Aug-2015 15:38:41 America/Los_Angeles] PHP Fatal error:  Class 'canis\appFarm\components\applications\tasks\CommandRetrieveBackupTask' not found in /var/www/app/components/wordpress/tasks/BackupTask.php on line 15
[31-Aug-2015 15:38:47 America/Los_Angeles] PHP Fatal error:  Class 'canis\appFarm\components\applications\tasks\CommandRetrieveBackupTask' not found in /var/www/app/components/wordpress/tasks/BackupTask.php on line 15
[31-Aug-2015 15:38:53 America/Los_Angeles] PHP Fatal error:  Class 'canis\appFarm\components\applications\tasks\CommandRetrieveBackupTask' not found in /var/www/app/components/wordpress/tasks/BackupTask.php on line 15
[31-Aug-2015 15:38:59 America/Los_Angeles] PHP Fatal error:  Class 'canis\appFarm\components\applications\tasks\CommandRetrieveBackupTask' not found in /var/www/app/components/wordpress/tasks/BackupTask.php on line 15
[31-Aug-2015 15:39:05 America/Los_Angeles] PHP Fatal error:  Class 'canis\appFarm\components\applications\tasks\CommandRetrieveBackupTask' not found in /var/www/app/components/wordpress/tasks/BackupTask.php on line 15
[31-Aug-2015 15:39:10 America/Los_Angeles] PHP Fatal error:  Class 'canis\appFarm\components\applications\tasks\CommandRetrieveBackupTask' not found in /var/www/app/components/wordpress/tasks/BackupTask.php on line 15
[31-Aug-2015 15:39:16 America/Los_Angeles] PHP Fatal error:  Class 'canis\appFarm\components\applications\tasks\CommandRetrieveBackupTask' not found in /var/www/app/components/wordpress/tasks/BackupTask.php on line 15
[31-Aug-2015 15:39:22 America/Los_Angeles] PHP Fatal error:  Class 'canis\appFarm\components\applications\tasks\CommandRetrieveBackupTask' not found in /var/www/app/components/wordpress/tasks/BackupTask.php on line 15
[31-Aug-2015 15:39:28 America/Los_Angeles] PHP Fatal error:  Class 'canis\appFarm\components\applications\tasks\CommandRetrieveBackupTask' not found in /var/www/app/components/wordpress/tasks/BackupTask.php on line 15
[31-Aug-2015 15:39:33 America/Los_Angeles] PHP Fatal error:  Class 'canis\appFarm\components\applications\tasks\CommandRetrieveBackupTask' not found in /var/www/app/components/wordpress/tasks/BackupTask.php on line 15
[31-Aug-2015 15:39:39 America/Los_Angeles] PHP Fatal error:  Class 'canis\appFarm\components\applications\tasks\CommandRetrieveBackupTask' not found in /var/www/app/components/wordpress/tasks/BackupTask.php on line 15
[31-Aug-2015 15:39:45 America/Los_Angeles] PHP Fatal error:  Class 'canis\appFarm\components\applications\tasks\CommandRetrieveBackupTask' not found in /var/www/app/components/wordpress/tasks/BackupTask.php on line 15
[31-Aug-2015 15:39:50 America/Los_Angeles] PHP Fatal error:  Class 'canis\appFarm\components\applications\tasks\CommandRetrieveBackupTask' not found in /var/www/app/components/wordpress/tasks/BackupTask.php on line 15
[31-Aug-2015 15:39:56 America/Los_Angeles] PHP Parse error:  syntax error, unexpected '=', expecting ']' in /var/www/app/components/applications/tasks/CommandRetrieveBackupTask.php on line 34
[31-Aug-2015 15:40:02 America/Los_Angeles] PHP Parse error:  syntax error, unexpected '=', expecting ']' in /var/www/app/components/applications/tasks/CommandRetrieveBackupTask.php on line 34
[31-Aug-2015 16:35:17 America/Los_Angeles] PHP Fatal error:  Class canis\appFarm\components\wordpress\Application contains 1 abstract method and must therefore be declared abstract or implement the remaining methods (canis\appFarm\components\applications\Application::getVersion) in /var/www/app/components/wordpress/Application.php on line 14
[31-Aug-2015 16:35:22 America/Los_Angeles] PHP Fatal error:  Class canis\appFarm\components\wordpress\Application contains 1 abstract method and must therefore be declared abstract or implement the remaining methods (canis\appFarm\components\applications\Application::getVersion) in /var/www/app/components/wordpress/Application.php on line 14
[31-Aug-2015 16:35:25 America/Los_Angeles] PHP Fatal error:  Class canis\appFarm\components\wordpress\Application contains 1 abstract method and must therefore be declared abstract or implement the remaining methods (canis\appFarm\components\applications\Application::getVersion) in /var/www/app/components/wordpress/Application.php on line 14
[31-Aug-2015 16:35:28 America/Los_Angeles] PHP Fatal error:  Class canis\appFarm\components\wordpress\Application contains 1 abstract method and must therefore be declared abstract or implement the remaining methods (canis\appFarm\components\applications\Application::getVersion) in /var/www/app/components/wordpress/Application.php on line 14
[31-Aug-2015 16:35:33 America/Los_Angeles] PHP Fatal error:  Class canis\appFarm\components\wordpress\Application contains 1 abstract method and must therefore be declared abstract or implement the remaining methods (canis\appFarm\components\applications\Application::getVersion) in /var/www/app/components/wordpress/Application.php on line 14
[31-Aug-2015 17:58:07 America/Los_Angeles] PHP Fatal error:  Cannot instantiate abstract class canis\deferred\components\LogResult in /var/www/vendor/yiisoft/yii2/di/Container.php on line 366
[31-Aug-2015 17:58:07 America/Los_Angeles] PHP Fatal error:  Cannot instantiate abstract class canis\deferred\components\LogResult in /var/www/vendor/yiisoft/yii2/di/Container.php on line 366
[31-Aug-2015 17:58:12 America/Los_Angeles] PHP Fatal error:  Cannot instantiate abstract class canis\deferred\components\LogResult in /var/www/vendor/yiisoft/yii2/di/Container.php on line 366
[31-Aug-2015 18:07:34 America/Los_Angeles] PHP Fatal error:  Call to undefined method yii\helpers\Html::pageHeader() in /var/www/app/views/backup/index.php on line 10
[31-Aug-2015 18:13:29 America/Los_Angeles] PHP Parse error:  syntax error, unexpected '$extras' (T_VARIABLE) in /var/www/app/views/backup/index.php on line 24
[31-Aug-2015 18:13:35 America/Los_Angeles] PHP Parse error:  syntax error, unexpected ']' in /var/www/app/views/backup/index.php on line 24
[31-Aug-2015 18:13:44 America/Los_Angeles] PHP Parse error:  syntax error, unexpected ')', expecting ']' in /var/www/app/views/backup/index.php on line 24
[31-Aug-2015 18:50:58 America/Los_Angeles] PHP Fatal error:  Class 'canis\appFarm\controllers\Instance' not found in /var/www/app/controllers/BackupController.php on line 26
[31-Aug-2015 21:27:08 America/Los_Angeles] PHP Parse error:  syntax error, unexpected '=' in /var/www/app/components/applications/ApplicationInstance.php on line 73
[31-Aug-2015 21:34:05 America/Los_Angeles] PHP Parse error:  syntax error, unexpected '=' in /var/www/app/components/applications/ApplicationInstance.php on line 73
[31-Aug-2015 21:34:11 America/Los_Angeles] PHP Parse error:  syntax error, unexpected '=' in /var/www/app/components/applications/ApplicationInstance.php on line 73
[31-Aug-2015 21:45:32 America/Los_Angeles] PHP Fatal error:  Cannot use canis\appFarm\models\Backup as Backup because the name is already in use in /var/www/app/components/applications/actions/Restore.php on line 7
